<?xml version="1.0" encoding="UTF-8"?>
<coverage generated="1789064050323" clover="3.2.0">
  <project timestamp="1789064050323" name="All files">
    <metrics statements="913" coveredstatements="548" conditionals="738" coveredconditionals="421" methods="383" coveredmethods="208" elements="2034" coveredelements="1177" complexity="0" loc="913" ncloc="913" packages="9" files="42" classes="42"/>
    <package name="src">
      <metrics statements="5" coveredstatements="4" conditionals="0" coveredconditionals="0" methods="1" coveredmethods="0"/>
      <file name="App.tsx" path="/Users/ethan.ning/Develop/workspace/b2b-wholesale-frontend/src/App.tsx">
        <metrics statements="1" coveredstatements="0" conditionals="0" coveredconditionals="0" methods="1" coveredmethods="0"/>
        <line num="29" count="0" type="stmt"/>
      </file>
      <file name="brand.ts" path="/Users/ethan.ning/Develop/workspace/b2b-wholesale-frontend/src/brand.ts">
        <metrics statements="4" coveredstatements="4" conditionals="0" coveredconditionals="0" methods="0" coveredmethods="0"/>
        <line num="8" count="2" type="stmt"/>
        <line num="22" count="2" type="stmt"/>
        <line num="23" count="2" type="stmt"/>
        <line num="24" count="2" type="stmt"/>
      </file>
    </package>
    <package name="src.api">
      <metrics statements="108" coveredstatements="83" conditionals="81" coveredconditionals="61" methods="36" coveredmethods="23"/>
      <file name="adminApi.ts" path="/Users/ethan.ning/Develop/workspace/b2b-wholesale-frontend/src/api/adminApi.ts">
        <metrics statements="60" coveredstatements="37" conditionals="34" coveredconditionals="19" methods="25" coveredmethods="13"/>
        <line num="10" count="9" type="stmt"/>
        <line num="14" count="5" type="stmt"/>
        <line num="15" count="2" type="stmt"/>
        <line num="23" count="3" type="stmt"/>
        <line num="27" count="1" type="stmt"/>
        <line num="32" count="11" type="stmt"/>
        <line num="33" count="10" type="stmt"/>
        <line num="42" count="2" type="stmt"/>
        <line num="43" count="1" type="stmt"/>
        <line num="48" count="1" type="stmt"/>
        <line num="53" count="2" type="stmt"/>
        <line num="54" count="1" type="stmt"/>
        <line num="70" count="8" type="stmt"/>
        <line num="74" count="8" type="cond" truecount="2" falsecount="0"/>
        <line num="75" count="8" type="cond" truecount="1" falsecount="1"/>
        <line num="76" count="8" type="cond" truecount="1" falsecount="1"/>
        <line num="77" count="8" type="cond" truecount="1" falsecount="1"/>
        <line num="79" count="8" type="stmt"/>
        <line num="80" count="7" type="stmt"/>
        <line num="84" count="11" type="stmt"/>
        <line num="85" count="10" type="stmt"/>
        <line num="108" count="2" type="stmt"/>
        <line num="109" count="1" type="stmt"/>
        <line num="118" count="0" type="cond" truecount="0" falsecount="2"/>
        <line num="119" count="0" type="stmt"/>
        <line num="120" count="0" type="stmt"/>
        <line num="125" count="16" type="stmt"/>
        <line num="126" count="15" type="stmt"/>
        <line num="130" count="0" type="stmt"/>
        <line num="131" count="0" type="stmt"/>
        <line num="135" count="0" type="stmt"/>
        <line num="139" count="0" type="stmt"/>
        <line num="151" count="9" type="stmt"/>
        <line num="155" count="9" type="cond" truecount="2" falsecount="0"/>
        <line num="156" count="9" type="cond" truecount="1" falsecount="1"/>
        <line num="158" count="9" type="stmt"/>
        <line num="159" count="8" type="stmt"/>
        <line num="163" count="0" type="stmt"/>
        <line num="164" count="0" type="stmt"/>
        <line num="177" count="0" type="stmt"/>
        <line num="178" count="0" type="stmt"/>
        <line num="195" count="0" type="stmt"/>
        <line num="196" count="0" type="stmt"/>
        <line num="200" count="0" type="stmt"/>
        <line num="201" count="0" type="stmt"/>
        <line num="205" count="11" type="stmt"/>
        <line num="206" count="11" type="stmt"/>
        <line num="220" count="9" type="stmt"/>
        <line num="224" count="9" type="cond" truecount="2" falsecount="0"/>
        <line num="225" count="9" type="cond" truecount="1" falsecount="1"/>
        <line num="227" count="9" type="stmt"/>
        <line num="228" count="8" type="stmt"/>
        <line num="235" count="0" type="stmt"/>
        <line num="236" count="0" type="stmt"/>
        <line num="245" count="0" type="stmt"/>
        <line num="249" count="0" type="stmt"/>
        <line num="253" count="0" type="stmt"/>
        <line num="256" count="0" type="stmt"/>
        <line num="265" count="0" type="stmt"/>
        <line num="268" count="0" type="stmt"/>
      </file>
      <file name="catalog.ts" path="/Users/ethan.ning/Develop/workspace/b2b-wholesale-frontend/src/api/catalog.ts">
        <metrics statements="16" coveredstatements="14" conditionals="14" coveredconditionals="11" methods="5" coveredmethods="4"/>
        <line num="19" count="3" type="stmt"/>
        <line num="22" count="6" type="stmt"/>
        <line num="23" count="2" type="stmt"/>
        <line num="36" count="0" type="stmt"/>
        <line num="41" count="0" type="stmt"/>
        <line num="45" count="10" type="stmt"/>
        <line num="46" count="10" type="stmt"/>
        <line num="50" count="15" type="stmt"/>
        <line num="55" count="15" type="cond" truecount="2" falsecount="0"/>
        <line num="56" count="15" type="cond" truecount="2" falsecount="0"/>
        <line num="57" count="15" type="cond" truecount="2" falsecount="0"/>
        <line num="58" count="15" type="cond" truecount="1" falsecount="1"/>
        <line num="60" count="15" type="stmt"/>
        <line num="61" count="14" type="stmt"/>
        <line num="65" count="7" type="stmt"/>
        <line num="66" count="5" type="stmt"/>
      </file>
      <file name="http.ts" path="/Users/ethan.ning/Develop/workspace/b2b-wholesale-frontend/src/api/http.ts">
        <metrics statements="32" coveredstatements="32" conditionals="33" coveredconditionals="31" methods="6" coveredmethods="6"/>
        <line num="7" count="16" type="cond" truecount="2" falsecount="0"/>
        <line num="14" count="32" type="stmt"/>
        <line num="19" count="32" type="stmt"/>
        <line num="20" count="117" type="stmt"/>
        <line num="21" count="117" type="cond" truecount="1" falsecount="1"/>
        <line num="22" count="117" type="stmt"/>
        <line num="25" count="32" type="stmt"/>
        <line num="26" count="103" type="stmt"/>
        <line num="28" count="14" type="cond" truecount="2" falsecount="0"/>
        <line num="29" count="1" type="stmt"/>
        <line num="30" count="1" type="stmt"/>
        <line num="31" count="1" type="stmt"/>
        <line num="33" count="14" type="stmt"/>
        <line num="37" count="32" type="stmt"/>
        <line num="40" count="16" type="stmt"/>
        <line num="41" count="16" type="stmt"/>
        <line num="52" count="15" type="stmt"/>
        <line num="53" count="15" type="cond" truecount="2" falsecount="0"/>
        <line num="72" count="20" type="stmt"/>
        <line num="75" count="20" type="cond" truecount="2" falsecount="0"/>
        <line num="76" count="3" type="cond" truecount="2" falsecount="0"/>
        <line num="81" count="17" type="stmt"/>
        <line num="82" count="17" type="stmt"/>
        <line num="84" count="20" type="cond" truecount="4" falsecount="0"/>
        <line num="87" count="12" type="cond" truecount="2" falsecount="0"/>
        <line num="88" count="9" type="cond" truecount="1" falsecount="1"/>
        <line num="89" count="9" type="cond" truecount="2" falsecount="0"/>
        <line num="93" count="8" type="cond" truecount="5" falsecount="0"/>
        <line num="94" count="5" type="stmt"/>
        <line num="96" count="3" type="cond" truecount="4" falsecount="0"/>
        <line num="98" count="1" type="cond" truecount="2" falsecount="0"/>
        <line num="109" count="16" type="stmt"/>
      </file>
      <file name="types.ts" path="/Users/ethan.ning/Develop/workspace/b2b-wholesale-frontend/src/api/types.ts">
        <metrics statements="0" coveredstatements="0" conditionals="0" coveredconditionals="0" methods="0" coveredmethods="0"/>
      </file>
    </package>
    <package name="src.components">
      <metrics statements="80" coveredstatements="60" conditionals="96" coveredconditionals="75" methods="42" coveredmethods="33"/>
      <file name="CategoryTree.tsx" path="/Users/ethan.ning/Develop/workspace/b2b-wholesale-frontend/src/components/CategoryTree.tsx">
        <metrics statements="18" coveredstatements="18" conditionals="25" coveredconditionals="23" methods="10" coveredmethods="10"/>
        <line num="9" count="297" type="stmt"/>
        <line num="18" count="66" type="stmt"/>
        <line num="23" count="15" type="stmt"/>
        <line num="24" count="15" type="cond" truecount="2" falsecount="0"/>
        <line num="25" count="10" type="stmt"/>
        <line num="26" count="10" type="cond" truecount="2" falsecount="0"/>
        <line num="28" count="1" type="stmt"/>
        <line num="38" count="60" type="stmt"/>
        <line num="39" count="60" type="stmt"/>
        <line num="43" count="60" type="cond" truecount="2" falsecount="0"/>
        <line num="44" count="34" type="cond" truecount="2" falsecount="0"/>
        <line num="46" count="33" type="cond" truecount="1" falsecount="1"/>
        <line num="57" count="60" type="stmt"/>
        <line num="61" count="60" type="cond" truecount="2" falsecount="0"/>
        <line num="63" count="60" type="stmt"/>
        <line num="68" count="2" type="stmt"/>
        <line num="71" count="3" type="stmt"/>
        <line num="72" count="3" type="cond" truecount="4" falsecount="0"/>
      </file>
      <file name="DealerTheme.tsx" path="/Users/ethan.ning/Develop/workspace/b2b-wholesale-frontend/src/components/DealerTheme.tsx">
        <metrics statements="1" coveredstatements="1" conditionals="0" coveredconditionals="0" methods="1" coveredmethods="1"/>
        <line num="14" count="12" type="stmt"/>
      </file>
      <file name="Layout.tsx" path="/Users/ethan.ning/Develop/workspace/b2b-wholesale-frontend/src/components/Layout.tsx">
        <metrics statements="12" coveredstatements="0" conditionals="4" coveredconditionals="0" methods="4" coveredmethods="0"/>
        <line num="8" count="0" type="stmt"/>
        <line num="9" count="0" type="stmt"/>
        <line num="12" count="0" type="stmt"/>
        <line num="13" count="0" type="stmt"/>
        <line num="14" count="0" type="stmt"/>
        <line num="17" count="0" type="stmt"/>
        <line num="20" count="0" type="cond" truecount="0" falsecount="2"/>
        <line num="24" count="0" type="stmt"/>
        <line num="25" count="0" type="stmt"/>
        <line num="28" count="0" type="cond" truecount="0" falsecount="2"/>
        <line num="30" count="0" type="stmt"/>
        <line num="52" count="0" type="stmt"/>
      </file>
      <file name="MoneyInput.tsx" path="/Users/ethan.ning/Develop/workspace/b2b-wholesale-frontend/src/components/MoneyInput.tsx">
        <metrics statements="6" coveredstatements="6" conditionals="12" coveredconditionals="12" methods="3" coveredmethods="3"/>
        <line num="11" count="3" type="stmt"/>
        <line num="39" count="49" type="cond" truecount="5" falsecount="0"/>
        <line num="41" count="47" type="cond" truecount="4" falsecount="0"/>
        <line num="45" count="2" type="stmt"/>
        <line num="46" count="2" type="cond" truecount="2" falsecount="0"/>
        <line num="49" count="428" type="stmt"/>
      </file>
      <file name="PageState.tsx" path="/Users/ethan.ning/Develop/workspace/b2b-wholesale-frontend/src/components/PageState.tsx">
        <metrics statements="2" coveredstatements="2" conditionals="0" coveredconditionals="0" methods="2" coveredmethods="2"/>
        <line num="11" count="34" type="stmt"/>
        <line num="19" count="6" type="stmt"/>
      </file>
      <file name="PriceRangeFilter.tsx" path="/Users/ethan.ning/Develop/workspace/b2b-wholesale-frontend/src/components/PriceRangeFilter.tsx">
        <metrics statements="17" coveredstatements="16" conditionals="14" coveredconditionals="11" methods="5" coveredmethods="4"/>
        <line num="5" count="1" type="stmt"/>
        <line num="24" count="56" type="stmt"/>
        <line num="25" count="56" type="stmt"/>
        <line num="29" count="56" type="stmt"/>
        <line num="30" count="56" type="cond" truecount="4" falsecount="0"/>
        <line num="31" count="4" type="stmt"/>
        <line num="32" count="4" type="stmt"/>
        <line num="33" count="4" type="stmt"/>
        <line num="36" count="56" type="cond" truecount="2" falsecount="0"/>
        <line num="37" count="56" type="cond" truecount="2" falsecount="0"/>
        <line num="40" count="2" type="stmt"/>
        <line num="44" count="1" type="stmt"/>
        <line num="45" count="1" type="stmt"/>
        <line num="46" count="1" type="stmt"/>
        <line num="49" count="56" type="stmt"/>
        <line num="61" count="6" type="cond" truecount="1" falsecount="1"/>
        <line num="70" count="0" type="cond" truecount="0" falsecount="2"/>
      </file>
      <file name="ProductCard.tsx" path="/Users/ethan.ning/Develop/workspace/b2b-wholesale-frontend/src/components/ProductCard.tsx">
        <metrics statements="6" coveredstatements="6" conditionals="12" coveredconditionals="9" methods="5" coveredmethods="4"/>
        <line num="8" count="1" type="stmt"/>
        <line num="24" count="42" type="stmt"/>
        <line num="25" count="55" type="stmt"/>
        <line num="26" count="68" type="stmt"/>
        <line num="28" count="68" type="stmt"/>
        <line num="30" count="42" type="stmt"/>
      </file>
      <file name="ProtectedRoute.tsx" path="/Users/ethan.ning/Develop/workspace/b2b-wholesale-frontend/src/components/ProtectedRoute.tsx">
        <metrics statements="7" coveredstatements="0" conditionals="6" coveredconditionals="0" methods="3" coveredmethods="0"/>
        <line num="5" count="0" type="stmt"/>
        <line num="6" count="0" type="stmt"/>
        <line num="7" count="0" type="stmt"/>
        <line num="9" count="0" type="cond" truecount="0" falsecount="2"/>
        <line num="16" count="0" type="cond" truecount="0" falsecount="4"/>
        <line num="17" count="0" type="stmt"/>
        <line num="20" count="0" type="stmt"/>
      </file>
      <file name="SkuTable.tsx" path="/Users/ethan.ning/Develop/workspace/b2b-wholesale-frontend/src/components/SkuTable.tsx">
        <metrics statements="9" coveredstatements="9" conditionals="19" coveredconditionals="16" methods="8" coveredmethods="8"/>
        <line num="15" count="47" type="stmt"/>
        <line num="20" count="83" type="stmt"/>
        <line num="28" count="83" type="cond" truecount="1" falsecount="1"/>
        <line num="38" count="83" type="stmt"/>
        <line num="53" count="83" type="cond" truecount="1" falsecount="1"/>
        <line num="71" count="83" type="stmt"/>
        <line num="79" count="83" type="cond" truecount="2" falsecount="0"/>
        <line num="91" count="15" type="cond" truecount="2" falsecount="0"/>
        <line num="97" count="47" type="stmt"/>
      </file>
      <file name="StockBadge.tsx" path="/Users/ethan.ning/Develop/workspace/b2b-wholesale-frontend/src/components/StockBadge.tsx">
        <metrics statements="2" coveredstatements="2" conditionals="4" coveredconditionals="4" methods="1" coveredmethods="1"/>
        <line num="12" count="118" type="cond" truecount="2" falsecount="0"/>
        <line num="13" count="70" type="cond" truecount="2" falsecount="0"/>
      </file>
    </package>
    <package name="src.components.admin">
      <metrics statements="76" coveredstatements="43" conditionals="114" coveredconditionals="46" methods="39" coveredmethods="24"/>
      <file name="AdminLayout.tsx" path="/Users/ethan.ning/Develop/workspace/b2b-wholesale-frontend/src/components/admin/AdminLayout.tsx">
        <metrics statements="24" coveredstatements="0" conditionals="30" coveredconditionals="0" methods="7" coveredmethods="0"/>
        <line num="19" count="0" type="stmt"/>
        <line num="20" count="0" type="stmt"/>
        <line num="22" count="0" type="stmt"/>
        <line num="25" count="0" type="stmt"/>
        <line num="32" count="0" type="stmt"/>
        <line num="41" count="0" type="stmt"/>
        <line num="43" count="0" type="stmt"/>
        <line num="45" count="0" type="stmt"/>
        <line num="46" count="0" type="stmt"/>
        <line num="49" count="0" type="stmt"/>
        <line num="50" count="0" type="stmt"/>
        <line num="51" count="0" type="stmt"/>
        <line num="52" count="0" type="stmt"/>
        <line num="60" count="0" type="cond" truecount="0" falsecount="2"/>
        <line num="62" count="0" type="cond" truecount="0" falsecount="2"/>
        <line num="63" count="0" type="stmt"/>
        <line num="65" count="0" type="stmt"/>
        <line num="68" count="0" type="stmt"/>
        <line num="69" count="0" type="stmt"/>
        <line num="74" count="0" type="cond" truecount="0" falsecount="2"/>
        <line num="83" count="0" type="stmt"/>
        <line num="145" count="0" type="stmt"/>
        <line num="167" count="0" type="stmt"/>
        <line num="210" count="0" type="stmt"/>
      </file>
      <file name="AdminProtectedRoute.tsx" path="/Users/ethan.ning/Develop/workspace/b2b-wholesale-frontend/src/components/admin/AdminProtectedRoute.tsx">
        <metrics statements="2" coveredstatements="0" conditionals="2" coveredconditionals="0" methods="2" coveredmethods="0"/>
        <line num="5" count="0" type="stmt"/>
        <line num="6" count="0" type="cond" truecount="0" falsecount="2"/>
      </file>
      <file name="CategoryPicker.tsx" path="/Users/ethan.ning/Develop/workspace/b2b-wholesale-frontend/src/components/admin/CategoryPicker.tsx">
        <metrics statements="17" coveredstatements="15" conditionals="18" coveredconditionals="11" methods="8" coveredmethods="6"/>
        <line num="5" count="1" type="stmt"/>
        <line num="11" count="50" type="stmt"/>
        <line num="44" count="120" type="stmt"/>
        <line num="47" count="30" type="stmt"/>
        <line num="48" count="30" type="cond" truecount="1" falsecount="1"/>
        <line num="49" count="30" type="stmt"/>
        <line num="50" count="60" type="stmt"/>
        <line num="51" count="60" type="cond" truecount="2" falsecount="0"/>
        <line num="53" count="30" type="stmt"/>
        <line num="56" count="30" type="stmt"/>
        <line num="62" count="30" type="stmt"/>
        <line num="64" count="30" type="stmt"/>
        <line num="79" count="120" type="stmt"/>
        <line num="80" count="120" type="stmt"/>
        <line num="81" count="120" type="stmt"/>
        <line num="88" count="0" type="stmt"/>
        <line num="97" count="0" type="stmt"/>
      </file>
      <file name="PageHeader.tsx" path="/Users/ethan.ning/Develop/workspace/b2b-wholesale-frontend/src/components/admin/PageHeader.tsx">
        <metrics statements="2" coveredstatements="2" conditionals="8" coveredconditionals="7" methods="1" coveredmethods="1"/>
        <line num="6" count="8" type="stmt"/>
        <line num="26" count="137" type="stmt"/>
      </file>
      <file name="SkuPricingTable.tsx" path="/Users/ethan.ning/Develop/workspace/b2b-wholesale-frontend/src/components/admin/SkuPricingTable.tsx">
        <metrics statements="31" coveredstatements="26" conditionals="56" coveredconditionals="28" methods="21" coveredmethods="17"/>
        <line num="6" count="1" type="stmt"/>
        <line num="33" count="60" type="stmt"/>
        <line num="34" count="10" type="stmt"/>
        <line num="35" count="30" type="cond" truecount="1" falsecount="1"/>
        <line num="36" count="0" type="stmt"/>
        <line num="38" count="60" type="stmt"/>
        <line num="50" count="180" type="cond" truecount="1" falsecount="1"/>
        <line num="51" count="180" type="stmt"/>
        <line num="52" count="180" type="cond" truecount="1" falsecount="1"/>
        <line num="71" count="30" type="stmt"/>
        <line num="72" count="30" type="stmt"/>
        <line num="73" count="0" type="cond" truecount="0" falsecount="2"/>
        <line num="78" count="30" type="stmt"/>
        <line num="79" count="180" type="cond" truecount="4" falsecount="0"/>
        <line num="81" count="540" type="stmt"/>
        <line num="83" count="1170" type="cond" truecount="2" falsecount="2"/>
        <line num="85" count="30" type="stmt"/>
        <line num="92" count="180" type="stmt"/>
        <line num="107" count="180" type="cond" truecount="1" falsecount="1"/>
        <line num="114" count="180" type="cond" truecount="1" falsecount="1"/>
        <line num="131" count="180" type="cond" truecount="1" falsecount="1"/>
        <line num="137" count="0" type="cond" truecount="0" falsecount="2"/>
        <line num="148" count="180" type="stmt"/>
        <line num="151" count="0" type="cond" truecount="0" falsecount="2"/>
        <line num="161" count="180" type="cond" truecount="2" falsecount="0"/>
        <line num="162" count="180" type="stmt"/>
        <line num="163" count="180" type="stmt"/>
        <line num="178" count="0" type="stmt"/>
        <line num="198" count="180" type="cond" truecount="1" falsecount="1"/>
        <line num="208" count="30" type="stmt"/>
        <line num="219" count="234" type="cond" truecount="1" falsecount="1"/>
      </file>
    </package>
    <package name="src.hooks">
      <metrics statements="34" coveredstatements="34" conditionals="14" coveredconditionals="12" methods="14" coveredmethods="14"/>
      <file name="usePagedQuery.ts" path="/Users/ethan.ning/Develop/workspace/b2b-wholesale-frontend/src/hooks/usePagedQuery.ts">
        <metrics statements="21" coveredstatements="21" conditionals="8" coveredconditionals="7" methods="8" coveredmethods="8"/>
        <line num="24" count="169" type="stmt"/>
        <line num="25" count="169" type="stmt"/>
        <line num="26" count="169" type="stmt"/>
        <line num="27" count="169" type="stmt"/>
        <line num="28" count="169" type="stmt"/>
        <line num="29" count="169" type="stmt"/>
        <line num="30" count="169" type="stmt"/>
        <line num="32" count="169" type="cond" truecount="2" falsecount="0"/>
        <line num="33" count="20" type="stmt"/>
        <line num="34" count="20" type="stmt"/>
        <line num="37" count="169" type="stmt"/>
        <line num="38" count="50" type="stmt"/>
        <line num="39" count="50" type="stmt"/>
        <line num="40" count="50" type="stmt"/>
        <line num="41" count="50" type="stmt"/>
        <line num="42" count="46" type="cond" truecount="2" falsecount="0"/>
        <line num="43" count="4" type="cond" truecount="1" falsecount="1"/>
        <line num="44" count="50" type="cond" truecount="2" falsecount="0"/>
        <line num="45" count="50" type="stmt"/>
        <line num="50" count="169" type="stmt"/>
        <line num="57" count="1" type="stmt"/>
      </file>
      <file name="useResource.ts" path="/Users/ethan.ning/Develop/workspace/b2b-wholesale-frontend/src/hooks/useResource.ts">
        <metrics statements="13" coveredstatements="13" conditionals="6" coveredconditionals="5" methods="6" coveredmethods="6"/>
        <line num="19" count="90" type="stmt"/>
        <line num="20" count="90" type="stmt"/>
        <line num="21" count="90" type="stmt"/>
        <line num="23" count="90" type="stmt"/>
        <line num="24" count="31" type="stmt"/>
        <line num="25" count="31" type="stmt"/>
        <line num="26" count="31" type="stmt"/>
        <line num="27" count="31" type="stmt"/>
        <line num="28" count="26" type="cond" truecount="2" falsecount="0"/>
        <line num="29" count="5" type="cond" truecount="1" falsecount="1"/>
        <line num="30" count="31" type="cond" truecount="2" falsecount="0"/>
        <line num="31" count="31" type="stmt"/>
        <line num="36" count="90" type="stmt"/>
      </file>
    </package>
    <package name="src.pages">
      <metrics statements="97" coveredstatements="56" conditionals="88" coveredconditionals="62" methods="35" coveredmethods="16"/>
      <file name="ChangePasswordPage.tsx" path="/Users/ethan.ning/Develop/workspace/b2b-wholesale-frontend/src/pages/ChangePasswordPage.tsx">
        <metrics statements="17" coveredstatements="0" conditionals="6" coveredconditionals="0" methods="6" coveredmethods="0"/>
        <line num="9" count="0" type="stmt"/>
        <line num="18" count="0" type="stmt"/>
        <line num="19" count="0" type="stmt"/>
        <line num="20" count="0" type="stmt"/>
        <line num="21" count="0" type="stmt"/>
        <line num="22" count="0" type="stmt"/>
        <line num="25" count="0" type="stmt"/>
        <line num="26" count="0" type="stmt"/>
        <line num="27" count="0" type="stmt"/>
        <line num="28" count="0" type="stmt"/>
        <line num="29" count="0" type="stmt"/>
        <line num="30" count="0" type="stmt"/>
        <line num="32" count="0" type="stmt"/>
        <line num="34" count="0" type="stmt"/>
        <line num="38" count="0" type="stmt"/>
        <line num="85" count="0" type="stmt"/>
        <line num="87" count="0" type="cond" truecount="0" falsecount="4"/>
      </file>
      <file name="HomePage.tsx" path="/Users/ethan.ning/Develop/workspace/b2b-wholesale-frontend/src/pages/HomePage.tsx">
        <metrics statements="9" coveredstatements="0" conditionals="2" coveredconditionals="0" methods="5" coveredmethods="0"/>
        <line num="7" count="0" type="stmt"/>
        <line num="10" count="0" type="stmt"/>
        <line num="13" count="0" type="stmt"/>
        <line num="14" count="0" type="stmt"/>
        <line num="17" count="0" type="stmt"/>
        <line num="18" count="0" type="cond" truecount="0" falsecount="2"/>
        <line num="21" count="0" type="stmt"/>
        <line num="60" count="0" type="stmt"/>
        <line num="63" count="0" type="stmt"/>
      </file>
      <file name="LoginPage.tsx" path="/Users/ethan.ning/Develop/workspace/b2b-wholesale-frontend/src/pages/LoginPage.tsx">
        <metrics statements="14" coveredstatements="14" conditionals="4" coveredconditionals="4" methods="3" coveredmethods="3"/>
        <line num="11" count="1" type="stmt"/>
        <line num="19" count="14" type="stmt"/>
        <line num="20" count="42" type="stmt"/>
        <line num="21" count="14" type="stmt"/>
        <line num="22" count="14" type="stmt"/>
        <line num="25" count="6" type="stmt"/>
        <line num="26" count="6" type="stmt"/>
        <line num="27" count="6" type="stmt"/>
        <line num="28" count="6" type="stmt"/>
        <line num="29" count="2" type="stmt"/>
        <line num="32" count="2" type="cond" truecount="2" falsecount="0"/>
        <line num="34" count="4" type="stmt"/>
        <line num="36" count="6" type="stmt"/>
        <line num="40" count="14" type="stmt"/>
      </file>
      <file name="ProductDetailPage.tsx" path="/Users/ethan.ning/Develop/workspace/b2b-wholesale-frontend/src/pages/ProductDetailPage.tsx">
        <metrics statements="20" coveredstatements="16" conditionals="36" coveredconditionals="25" methods="10" coveredmethods="7"/>
        <line num="23" count="1" type="stmt"/>
        <line num="26" count="14" type="stmt"/>
        <line num="27" count="14" type="stmt"/>
        <line num="28" count="14" type="stmt"/>
        <line num="29" count="14" type="stmt"/>
        <line num="34" count="14" type="cond" truecount="1" falsecount="1"/>
        <line num="35" count="0" type="stmt"/>
        <line num="36" count="0" type="stmt"/>
        <line num="39" count="14" type="cond" truecount="2" falsecount="0"/>
        <line num="40" count="7" type="cond" truecount="5" falsecount="1"/>
        <line num="42" count="5" type="stmt"/>
        <line num="43" count="5" type="cond" truecount="1" falsecount="1"/>
        <line num="44" count="14" type="cond" truecount="1" falsecount="1"/>
        <line num="49" count="15" type="stmt"/>
        <line num="50" count="14" type="stmt"/>
        <line num="51" count="15" type="stmt"/>
        <line num="54" count="14" type="stmt"/>
        <line num="77" count="0" type="stmt"/>
        <line num="81" count="0" type="stmt"/>
        <line num="147" count="5" type="stmt"/>
      </file>
      <file name="SearchPage.tsx" path="/Users/ethan.ning/Develop/workspace/b2b-wholesale-frontend/src/pages/SearchPage.tsx">
        <metrics statements="37" coveredstatements="26" conditionals="40" coveredconditionals="33" methods="11" coveredmethods="6"/>
        <line num="22" count="1" type="stmt"/>
        <line num="23" count="1" type="stmt"/>
        <line num="25" count="1" type="stmt"/>
        <line num="33" count="51" type="stmt"/>
        <line num="34" count="51" type="cond" truecount="2" falsecount="0"/>
        <line num="35" count="51" type="stmt"/>
        <line num="36" count="51" type="stmt"/>
        <line num="37" count="51" type="stmt"/>
        <line num="38" count="51" type="stmt"/>
        <line num="39" count="51" type="stmt"/>
        <line num="40" count="51" type="stmt"/>
        <line num="47" count="51" type="cond" truecount="1" falsecount="1"/>
        <line num="48" count="0" type="stmt"/>
        <line num="49" count="0" type="cond" truecount="0" falsecount="2"/>
        <line num="50" count="0" type="stmt"/>
        <line num="51" count="0" type="stmt"/>
        <line num="52" count="0" type="stmt"/>
        <line num="53" count="0" type="stmt"/>
        <line num="58" count="51" type="stmt"/>
        <line num="59" count="15" type="stmt"/>
        <line num="64" count="1" type="stmt"/>
        <line num="65" count="1" type="stmt"/>
        <line num="69" count="3" type="stmt"/>
        <line num="70" count="3" type="stmt"/>
        <line num="75" count="0" type="stmt"/>
        <line num="80" count="1" type="stmt"/>
        <line num="81" count="1" type="stmt"/>
        <line num="82" count="1" type="stmt"/>
        <line num="83" count="1" type="stmt"/>
        <line num="84" count="1" type="stmt"/>
        <line num="87" count="51" type="cond" truecount="4" falsecount="0"/>
        <line num="89" count="51" type="stmt"/>
        <line num="153" count="0" type="stmt"/>
        <line num="158" count="0" type="stmt"/>
        <line num="188" count="53" type="stmt"/>
        <line num="195" count="0" type="stmt"/>
        <line num="197" count="0" type="stmt"/>
      </file>
    </package>
    <package name="src.pages.admin">
      <metrics statements="490" coveredstatements="245" conditionals="337" coveredconditionals="159" methods="208" coveredmethods="90"/>
      <file name="AdminAccountPage.tsx" path="/Users/ethan.ning/Develop/workspace/b2b-wholesale-frontend/src/pages/admin/AdminAccountPage.tsx">
        <metrics statements="16" coveredstatements="16" conditionals="10" coveredconditionals="8" methods="5" coveredmethods="5"/>
        <line num="9" count="1" type="stmt"/>
        <line num="22" count="29" type="stmt"/>
        <line num="23" count="10" type="stmt"/>
        <line num="24" count="10" type="stmt"/>
        <line num="25" count="10" type="stmt"/>
        <line num="28" count="3" type="stmt"/>
        <line num="29" count="3" type="stmt"/>
        <line num="30" count="3" type="stmt"/>
        <line num="31" count="3" type="stmt"/>
        <line num="32" count="1" type="stmt"/>
        <line num="33" count="1" type="stmt"/>
        <line num="35" count="2" type="stmt"/>
        <line num="37" count="3" type="stmt"/>
        <line num="41" count="10" type="stmt"/>
        <line num="89" count="57" type="stmt"/>
        <line num="91" count="57" type="cond" truecount="4" falsecount="0"/>
      </file>
      <file name="AdminLoginPage.tsx" path="/Users/ethan.ning/Develop/workspace/b2b-wholesale-frontend/src/pages/admin/AdminLoginPage.tsx">
        <metrics statements="14" coveredstatements="14" conditionals="2" coveredconditionals="2" methods="3" coveredmethods="3"/>
        <line num="9" count="1" type="stmt"/>
        <line num="17" count="11" type="stmt"/>
        <line num="18" count="33" type="stmt"/>
        <line num="19" count="11" type="stmt"/>
        <line num="20" count="11" type="stmt"/>
        <line num="23" count="5" type="stmt"/>
        <line num="24" count="5" type="stmt"/>
        <line num="25" count="5" type="stmt"/>
        <line num="26" count="5" type="stmt"/>
        <line num="27" count="2" type="stmt"/>
        <line num="28" count="2" type="stmt"/>
        <line num="30" count="3" type="stmt"/>
        <line num="32" count="5" type="stmt"/>
        <line num="36" count="11" type="stmt"/>
      </file>
      <file name="AdminUsersPage.tsx" path="/Users/ethan.ning/Develop/workspace/b2b-wholesale-frontend/src/pages/admin/AdminUsersPage.tsx">
        <metrics statements="47" coveredstatements="44" conditionals="22" coveredconditionals="21" methods="15" coveredmethods="13"/>
        <line num="13" count="1" type="stmt"/>
        <line num="27" count="75" type="stmt"/>
        <line num="28" count="25" type="stmt"/>
        <line num="30" count="25" type="stmt"/>
        <line num="31" count="25" type="stmt"/>
        <line num="32" count="25" type="stmt"/>
        <line num="34" count="25" type="stmt"/>
        <line num="35" count="25" type="stmt"/>
        <line num="36" count="25" type="stmt"/>
        <line num="37" count="25" type="stmt"/>
        <line num="38" count="25" type="stmt"/>
        <line num="40" count="25" type="stmt"/>
        <line num="41" count="11" type="stmt"/>
        <line num="42" count="11" type="stmt"/>
        <line num="43" count="11" type="stmt"/>
        <line num="44" count="11" type="stmt"/>
        <line num="46" count="1" type="stmt"/>
        <line num="48" count="11" type="stmt"/>
        <line num="52" count="25" type="stmt"/>
        <line num="55" count="2" type="stmt"/>
        <line num="56" count="2" type="stmt"/>
        <line num="57" count="2" type="stmt"/>
        <line num="58" count="2" type="stmt"/>
        <line num="59" count="1" type="stmt"/>
        <line num="60" count="1" type="stmt"/>
        <line num="62" count="1" type="stmt"/>
        <line num="63" count="1" type="stmt"/>
        <line num="65" count="1" type="stmt"/>
        <line num="67" count="2" type="stmt"/>
        <line num="72" count="1" type="stmt"/>
        <line num="73" count="1" type="stmt"/>
        <line num="74" count="1" type="stmt"/>
        <line num="75" count="1" type="stmt"/>
        <line num="77" count="0" type="stmt"/>
        <line num="81" count="25" type="cond" truecount="2" falsecount="0"/>
        <line num="82" count="16" type="cond" truecount="2" falsecount="0"/>
        <line num="84" count="15" type="stmt"/>
        <line num="89" count="31" type="stmt"/>
        <line num="101" count="31" type="cond" truecount="2" falsecount="0"/>
        <line num="112" count="29" type="cond" truecount="2" falsecount="0"/>
        <line num="118" count="1" type="stmt"/>
        <line num="129" count="25" type="stmt"/>
        <line num="140" count="3" type="stmt"/>
        <line num="162" count="0" type="stmt"/>
        <line num="163" count="3" type="stmt"/>
        <line num="199" count="0" type="stmt"/>
        <line num="200" count="1" type="stmt"/>
      </file>
      <file name="CategoryPage.tsx" path="/Users/ethan.ning/Develop/workspace/b2b-wholesale-frontend/src/pages/admin/CategoryPage.tsx">
        <metrics statements="77" coveredstatements="37" conditionals="38" coveredconditionals="24" methods="29" coveredmethods="9"/>
        <line num="15" count="1" type="stmt"/>
        <line num="18" count="1" type="stmt"/>
        <line num="25" count="1" type="stmt"/>
        <line num="32" count="16" type="stmt"/>
        <line num="36" count="1" type="stmt"/>
        <line num="62" count="8" type="cond" truecount="1" falsecount="1"/>
        <line num="63" count="8" type="stmt"/>
        <line num="64" count="8" type="cond" truecount="1" falsecount="1"/>
        <line num="69" count="20" type="stmt"/>
        <line num="70" count="16" type="stmt"/>
        <line num="71" count="16" type="stmt"/>
        <line num="74" count="16" type="cond" truecount="2" falsecount="0"/>
        <line num="76" count="16" type="cond" truecount="1" falsecount="1"/>
        <line num="81" count="0" type="stmt"/>
        <line num="83" count="0" type="stmt"/>
        <line num="86" count="0" type="stmt"/>
        <line num="114" count="0" type="stmt"/>
        <line num="121" count="0" type="stmt"/>
        <line num="137" count="0" type="stmt"/>
        <line num="152" count="16" type="stmt"/>
        <line num="156" count="16" type="cond" truecount="1" falsecount="1"/>
        <line num="157" count="0" type="stmt"/>
        <line num="158" count="0" type="stmt"/>
        <line num="167" count="0" type="stmt"/>
        <line num="168" count="0" type="stmt"/>
        <line num="174" count="0" type="stmt"/>
        <line num="182" count="16" type="stmt"/>
        <line num="203" count="10" type="stmt"/>
        <line num="204" count="10" type="stmt"/>
        <line num="205" count="10" type="stmt"/>
        <line num="207" count="10" type="stmt"/>
        <line num="208" count="10" type="stmt"/>
        <line num="210" count="10" type="stmt"/>
        <line num="211" count="10" type="stmt"/>
        <line num="213" count="10" type="stmt"/>
        <line num="214" count="10" type="stmt"/>
        <line num="216" count="10" type="stmt"/>
        <line num="217" count="5" type="stmt"/>
        <line num="218" count="5" type="stmt"/>
        <line num="220" count="1" type="stmt"/>
        <line num="222" count="5" type="stmt"/>
        <line num="226" count="10" type="stmt"/>
        <line num="229" count="0" type="stmt"/>
        <line num="230" count="0" type="stmt"/>
        <line num="234" count="0" type="cond" truecount="0" falsecount="2"/>
        <line num="235" count="0" type="stmt"/>
        <line num="236" count="0" type="stmt"/>
        <line num="237" count="0" type="stmt"/>
        <line num="238" count="0" type="stmt"/>
        <line num="239" count="0" type="stmt"/>
        <line num="242" count="0" type="stmt"/>
        <line num="245" count="0" type="stmt"/>
        <line num="246" count="0" type="stmt"/>
        <line num="247" count="0" type="stmt"/>
        <line num="251" count="0" type="stmt"/>
        <line num="252" count="0" type="stmt"/>
        <line num="255" count="0" type="stmt"/>
        <line num="258" count="0" type="cond" truecount="0" falsecount="2"/>
        <line num="259" count="0" type="stmt"/>
        <line num="260" count="0" type="stmt"/>
        <line num="261" count="0" type="stmt"/>
        <line num="262" count="0" type="stmt"/>
        <line num="266" count="0" type="cond" truecount="0" falsecount="2"/>
        <line num="267" count="0" type="stmt"/>
        <line num="268" count="0" type="stmt"/>
        <line num="269" count="0" type="stmt"/>
        <line num="270" count="0" type="stmt"/>
        <line num="271" count="0" type="stmt"/>
        <line num="274" count="10" type="cond" truecount="2" falsecount="0"/>
        <line num="275" count="5" type="cond" truecount="2" falsecount="0"/>
        <line num="277" count="4" type="stmt"/>
        <line num="292" count="4" type="stmt"/>
        <line num="298" count="0" type="stmt"/>
        <line num="308" count="12" type="stmt"/>
        <line num="323" count="0" type="stmt"/>
        <line num="329" count="0" type="stmt"/>
        <line num="342" count="8" type="stmt"/>
      </file>
      <file name="CustomerFormPage.tsx" path="/Users/ethan.ning/Develop/workspace/b2b-wholesale-frontend/src/pages/admin/CustomerFormPage.tsx">
        <metrics statements="35" coveredstatements="0" conditionals="18" coveredconditionals="0" methods="10" coveredmethods="0"/>
        <line num="9" count="0" type="cond" truecount="0" falsecount="2"/>
        <line num="12" count="0" type="stmt"/>
        <line num="13" count="0" type="stmt"/>
        <line num="14" count="0" type="stmt"/>
        <line num="16" count="0" type="stmt"/>
        <line num="17" count="0" type="stmt"/>
        <line num="18" count="0" type="stmt"/>
        <line num="19" count="0" type="stmt"/>
        <line num="20" count="0" type="stmt"/>
        <line num="21" count="0" type="stmt"/>
        <line num="23" count="0" type="stmt"/>
        <line num="24" count="0" type="stmt"/>
        <line num="27" count="0" type="cond" truecount="0" falsecount="2"/>
        <line num="28" count="0" type="stmt"/>
        <line num="30" count="0" type="stmt"/>
        <line num="41" count="0" type="stmt"/>
        <line num="42" count="0" type="stmt"/>
        <line num="43" count="0" type="stmt"/>
        <line num="50" count="0" type="stmt"/>
        <line num="51" count="0" type="stmt"/>
        <line num="52" count="0" type="cond" truecount="0" falsecount="2"/>
        <line num="53" count="0" type="stmt"/>
        <line num="56" count="0" type="stmt"/>
        <line num="57" count="0" type="stmt"/>
        <line num="59" count="0" type="stmt"/>
        <line num="60" count="0" type="stmt"/>
        <line num="61" count="0" type="stmt"/>
        <line num="63" count="0" type="stmt"/>
        <line num="65" count="0" type="stmt"/>
        <line num="69" count="0" type="cond" truecount="0" falsecount="2"/>
        <line num="70" count="0" type="cond" truecount="0" falsecount="2"/>
        <line num="72" count="0" type="stmt"/>
        <line num="86" count="0" type="stmt"/>
        <line num="114" count="0" type="stmt"/>
        <line num="139" count="0" type="stmt"/>
      </file>
      <file name="CustomerListPage.tsx" path="/Users/ethan.ning/Develop/workspace/b2b-wholesale-frontend/src/pages/admin/CustomerListPage.tsx">
        <metrics statements="33" coveredstatements="16" conditionals="16" coveredconditionals="12" methods="19" coveredmethods="9"/>
        <line num="13" count="1" type="stmt"/>
        <line num="20" count="32" type="stmt"/>
        <line num="21" count="32" type="stmt"/>
        <line num="22" count="32" type="stmt"/>
        <line num="25" count="32" type="stmt"/>
        <line num="27" count="32" type="stmt"/>
        <line num="28" count="9" type="stmt"/>
        <line num="33" count="0" type="cond" truecount="0" falsecount="2"/>
        <line num="36" count="0" type="stmt"/>
        <line num="43" count="0" type="cond" truecount="0" falsecount="2"/>
        <line num="44" count="0" type="stmt"/>
        <line num="53" count="0" type="stmt"/>
        <line num="70" count="0" type="stmt"/>
        <line num="71" count="0" type="stmt"/>
        <line num="72" count="0" type="stmt"/>
        <line num="73" count="0" type="stmt"/>
        <line num="75" count="0" type="stmt"/>
        <line num="81" count="32" type="stmt"/>
        <line num="87" count="26" type="cond" truecount="2" falsecount="0"/>
        <line num="89" count="26" type="cond" truecount="2" falsecount="0"/>
        <line num="93" count="26" type="stmt"/>
        <line num="97" count="0" type="stmt"/>
        <line num="104" count="26" type="stmt"/>
        <line num="109" count="26" type="stmt"/>
        <line num="114" count="0" type="stmt"/>
        <line num="118" count="0" type="stmt"/>
        <line num="125" count="32" type="stmt"/>
        <line num="133" count="0" type="stmt"/>
        <line num="161" count="5" type="stmt"/>
        <line num="168" count="0" type="stmt"/>
        <line num="171" count="0" type="stmt"/>
        <line num="189" count="0" type="stmt"/>
        <line num="190" count="21" type="stmt"/>
      </file>
      <file name="DashboardPage.tsx" path="/Users/ethan.ning/Develop/workspace/b2b-wholesale-frontend/src/pages/admin/DashboardPage.tsx">
        <metrics statements="7" coveredstatements="7" conditionals="22" coveredconditionals="14" methods="2" coveredmethods="2"/>
        <line num="15" count="4" type="stmt"/>
        <line num="17" count="4" type="cond" truecount="2" falsecount="0"/>
        <line num="18" count="2" type="cond" truecount="5" falsecount="1"/>
        <line num="20" count="1" type="cond" truecount="1" falsecount="1"/>
        <line num="26" count="4" type="cond" truecount="1" falsecount="1"/>
        <line num="27" count="4" type="cond" truecount="1" falsecount="1"/>
        <line num="29" count="4" type="stmt"/>
      </file>
      <file name="InventoryPage.tsx" path="/Users/ethan.ning/Develop/workspace/b2b-wholesale-frontend/src/pages/admin/InventoryPage.tsx">
        <metrics statements="18" coveredstatements="16" conditionals="14" coveredconditionals="12" methods="14" coveredmethods="12"/>
        <line num="12" count="32" type="stmt"/>
        <line num="13" count="32" type="stmt"/>
        <line num="15" count="32" type="stmt"/>
        <line num="16" count="9" type="stmt"/>
        <line num="20" count="32" type="stmt"/>
        <line num="25" count="35" type="stmt"/>
        <line num="33" count="35" type="stmt"/>
        <line num="41" count="35" type="stmt"/>
        <line num="50" count="35" type="cond" truecount="2" falsecount="0"/>
        <line num="58" count="35" type="cond" truecount="1" falsecount="1"/>
        <line num="65" count="35" type="cond" truecount="2" falsecount="0"/>
        <line num="74" count="35" type="stmt"/>
        <line num="78" count="32" type="stmt"/>
        <line num="90" count="5" type="stmt"/>
        <line num="94" count="0" type="stmt"/>
        <line num="107" count="105" type="stmt"/>
        <line num="113" count="0" type="stmt"/>
        <line num="114" count="20" type="stmt"/>
      </file>
      <file name="ProductFormPage.tsx" path="/Users/ethan.ning/Develop/workspace/b2b-wholesale-frontend/src/pages/admin/ProductFormPage.tsx">
        <metrics statements="104" coveredstatements="65" conditionals="76" coveredconditionals="45" methods="52" coveredmethods="25"/>
        <line num="21" count="1" type="stmt"/>
        <line num="24" count="1" type="stmt"/>
        <line num="25" count="1" type="stmt"/>
        <line num="54" count="284" type="cond" truecount="3" falsecount="0"/>
        <line num="56" count="120" type="stmt"/>
        <line num="58" count="720" type="stmt"/>
        <line num="61" count="82" type="stmt"/>
        <line num="63" count="82" type="stmt"/>
        <line num="68" count="3" type="cond" truecount="1" falsecount="2"/>
        <line num="70" count="3" type="stmt"/>
        <line num="79" count="0" type="stmt"/>
        <line num="81" count="0" type="stmt"/>
        <line num="86" count="2" type="stmt"/>
        <line num="91" count="2" type="stmt"/>
        <line num="97" count="6" type="cond" truecount="1" falsecount="1"/>
        <line num="102" count="12" type="cond" truecount="2" falsecount="0"/>
        <line num="103" count="12" type="stmt"/>
        <line num="113" count="90" type="stmt"/>
        <line num="124" count="42" type="stmt"/>
        <line num="125" count="42" type="stmt"/>
        <line num="127" count="42" type="stmt"/>
        <line num="128" count="42" type="stmt"/>
        <line num="129" count="42" type="stmt"/>
        <line num="130" count="42" type="stmt"/>
        <line num="131" count="42" type="stmt"/>
        <line num="135" count="42" type="stmt"/>
        <line num="136" count="42" type="stmt"/>
        <line num="137" count="42" type="stmt"/>
        <line num="139" count="42" type="stmt"/>
        <line num="140" count="11" type="stmt"/>
        <line num="143" count="10" type="stmt"/>
        <line num="144" count="10" type="stmt"/>
        <line num="145" count="10" type="stmt"/>
        <line num="149" count="10" type="stmt"/>
        <line num="150" count="0" type="stmt"/>
        <line num="153" count="30" type="stmt"/>
        <line num="156" count="10" type="stmt"/>
        <line num="157" count="10" type="cond" truecount="1" falsecount="1"/>
        <line num="158" count="10" type="stmt"/>
        <line num="159" count="10" type="stmt"/>
        <line num="160" count="10" type="stmt"/>
        <line num="162" count="1" type="stmt"/>
        <line num="163" count="11" type="stmt"/>
        <line num="166" count="42" type="cond" truecount="2" falsecount="0"/>
        <line num="167" count="31" type="cond" truecount="6" falsecount="0"/>
        <line num="168" count="1" type="cond" truecount="1" falsecount="1"/>
        <line num="171" count="30" type="cond" truecount="1" falsecount="1"/>
        <line num="172" count="142" type="stmt"/>
        <line num="173" count="30" type="stmt"/>
        <line num="176" count="3" type="cond" truecount="1" falsecount="1"/>
        <line num="177" count="3" type="cond" truecount="2" falsecount="0"/>
        <line num="178" count="1" type="stmt"/>
        <line num="179" count="1" type="stmt"/>
        <line num="181" count="2" type="stmt"/>
        <line num="182" count="2" type="stmt"/>
        <line num="183" count="2" type="stmt"/>
        <line num="184" count="1" type="stmt"/>
        <line num="185" count="1" type="stmt"/>
        <line num="186" count="1" type="cond" truecount="1" falsecount="1"/>
        <line num="187" count="3" type="cond" truecount="1" falsecount="1"/>
        <line num="190" count="1" type="stmt"/>
        <line num="192" count="2" type="stmt"/>
        <line num="197" count="0" type="cond" truecount="0" falsecount="2"/>
        <line num="198" count="0" type="stmt"/>
        <line num="201" count="0" type="cond" truecount="0" falsecount="2"/>
        <line num="202" count="0" type="stmt"/>
        <line num="204" count="0" type="stmt"/>
        <line num="205" count="0" type="stmt"/>
        <line num="212" count="30" type="stmt"/>
        <line num="213" count="30" type="stmt"/>
        <line num="215" count="30" type="stmt"/>
        <line num="259" count="16" type="cond" truecount="2" falsecount="0"/>
        <line num="272" count="0" type="stmt"/>
        <line num="285" count="0" type="stmt"/>
        <line num="292" count="0" type="stmt"/>
        <line num="317" count="0" type="cond" truecount="0" falsecount="2"/>
        <line num="319" count="0" type="stmt"/>
        <line num="327" count="3" type="stmt"/>
        <line num="336" count="0" type="stmt"/>
        <line num="341" count="0" type="stmt"/>
        <line num="352" count="0" type="stmt"/>
        <line num="359" count="0" type="stmt"/>
        <line num="366" count="0" type="stmt"/>
        <line num="367" count="0" type="stmt"/>
        <line num="368" count="0" type="stmt"/>
        <line num="372" count="0" type="stmt"/>
        <line num="373" count="0" type="stmt"/>
        <line num="374" count="0" type="stmt"/>
        <line num="377" count="0" type="stmt"/>
        <line num="378" count="0" type="stmt"/>
        <line num="379" count="0" type="stmt"/>
        <line num="382" count="0" type="stmt"/>
        <line num="393" count="0" type="stmt"/>
        <line num="400" count="30" type="stmt"/>
        <line num="406" count="0" type="stmt"/>
        <line num="407" count="0" type="stmt"/>
        <line num="408" count="0" type="stmt"/>
        <line num="416" count="0" type="stmt"/>
        <line num="417" count="0" type="stmt"/>
        <line num="418" count="0" type="stmt"/>
        <line num="422" count="0" type="stmt"/>
        <line num="429" count="0" type="stmt"/>
        <line num="439" count="0" type="stmt"/>
        <line num="443" count="0" type="stmt"/>
      </file>
      <file name="ProductListPage.tsx" path="/Users/ethan.ning/Develop/workspace/b2b-wholesale-frontend/src/pages/admin/ProductListPage.tsx">
        <metrics statements="45" coveredstatements="30" conditionals="36" coveredconditionals="21" methods="20" coveredmethods="12"/>
        <line num="13" count="1" type="stmt"/>
        <line num="27" count="1" type="stmt"/>
        <line num="34" count="1" type="stmt"/>
        <line num="35" count="1" type="stmt"/>
        <line num="38" count="1" type="stmt"/>
        <line num="42" count="1" type="stmt"/>
        <line num="48" count="27" type="stmt"/>
        <line num="49" count="27" type="stmt"/>
        <line num="50" count="27" type="stmt"/>
        <line num="51" count="27" type="stmt"/>
        <line num="52" count="27" type="stmt"/>
        <line num="53" count="27" type="stmt"/>
        <line num="57" count="27" type="stmt"/>
        <line num="58" count="8" type="stmt"/>
        <line num="63" count="0" type="stmt"/>
        <line num="64" count="0" type="stmt"/>
        <line num="65" count="0" type="stmt"/>
        <line num="68" count="0" type="stmt"/>
        <line num="70" count="0" type="stmt"/>
        <line num="75" count="27" type="stmt"/>
        <line num="76" count="81" type="cond" truecount="3" falsecount="1"/>
        <line num="78" count="27" type="cond" truecount="2" falsecount="0"/>
        <line num="79" count="36" type="cond" truecount="1" falsecount="1"/>
        <line num="80" count="36" type="cond" truecount="1" falsecount="1"/>
        <line num="81" count="36" type="stmt"/>
        <line num="84" count="27" type="stmt"/>
        <line num="94" count="29" type="stmt"/>
        <line num="104" count="29" type="cond" truecount="2" falsecount="0"/>
        <line num="116" count="29" type="stmt"/>
        <line num="123" count="29" type="stmt"/>
        <line num="130" count="29" type="stmt"/>
        <line num="147" count="29" type="stmt"/>
        <line num="152" count="0" type="stmt"/>
        <line num="165" count="0" type="stmt"/>
        <line num="177" count="0" type="stmt"/>
        <line num="185" count="27" type="stmt"/>
        <line num="196" count="3" type="stmt"/>
        <line num="203" count="0" type="stmt"/>
        <line num="209" count="0" type="stmt"/>
        <line num="226" count="0" type="cond" truecount="0" falsecount="2"/>
        <line num="227" count="0" type="cond" truecount="0" falsecount="2"/>
        <line num="228" count="0" type="cond" truecount="0" falsecount="2"/>
        <line num="238" count="0" type="cond" truecount="0" falsecount="2"/>
        <line num="239" count="0" type="stmt"/>
        <line num="241" count="17" type="stmt"/>
      </file>
      <file name="SellfoxPage.tsx" path="/Users/ethan.ning/Develop/workspace/b2b-wholesale-frontend/src/pages/admin/SellfoxPage.tsx">
        <metrics statements="94" coveredstatements="0" conditionals="83" coveredconditionals="0" methods="39" coveredmethods="0"/>
        <line num="18" count="0" type="stmt"/>
        <line num="21" count="0" type="stmt"/>
        <line num="28" count="0" type="stmt"/>
        <line num="34" count="0" type="stmt"/>
        <line num="40" count="0" type="stmt"/>
        <line num="46" count="0" type="stmt"/>
        <line num="53" count="0" type="cond" truecount="0" falsecount="2"/>
        <line num="57" count="0" type="cond" truecount="0" falsecount="2"/>
        <line num="61" count="0" type="cond" truecount="0" falsecount="2"/>
        <line num="62" count="0" type="stmt"/>
        <line num="63" count="0" type="cond" truecount="0" falsecount="2"/>
        <line num="67" count="0" type="stmt"/>
        <line num="68" count="0" type="stmt"/>
        <line num="69" count="0" type="stmt"/>
        <line num="70" count="0" type="stmt"/>
        <line num="75" count="0" type="stmt"/>
        <line num="76" count="0" type="stmt"/>
        <line num="77" count="0" type="stmt"/>
        <line num="78" count="0" type="stmt"/>
        <line num="79" count="0" type="stmt"/>
        <line num="80" count="0" type="stmt"/>
        <line num="82" count="0" type="stmt"/>
        <line num="83" count="0" type="stmt"/>
        <line num="84" count="0" type="stmt"/>
        <line num="88" count="0" type="stmt"/>
        <line num="89" count="0" type="stmt"/>
        <line num="90" count="0" type="stmt"/>
        <line num="92" count="0" type="stmt"/>
        <line num="94" count="0" type="stmt"/>
        <line num="98" count="0" type="stmt"/>
        <line num="102" count="0" type="cond" truecount="0" falsecount="2"/>
        <line num="103" count="0" type="stmt"/>
        <line num="104" count="0" type="cond" truecount="0" falsecount="2"/>
        <line num="105" count="0" type="stmt"/>
        <line num="106" count="0" type="stmt"/>
        <line num="109" count="0" type="cond" truecount="0" falsecount="2"/>
        <line num="110" count="0" type="cond" truecount="0" falsecount="2"/>
        <line num="111" count="0" type="cond" truecount="0" falsecount="2"/>
        <line num="112" count="0" type="cond" truecount="0" falsecount="2"/>
        <line num="113" count="0" type="cond" truecount="0" falsecount="2"/>
        <line num="116" count="0" type="stmt"/>
        <line num="117" count="0" type="stmt"/>
        <line num="118" count="0" type="stmt"/>
        <line num="119" count="0" type="stmt"/>
        <line num="120" count="0" type="stmt"/>
        <line num="129" count="0" type="stmt"/>
        <line num="147" count="0" type="stmt"/>
        <line num="148" count="0" type="stmt"/>
        <line num="149" count="0" type="stmt"/>
        <line num="150" count="0" type="stmt"/>
        <line num="151" count="0" type="stmt"/>
        <line num="152" count="0" type="stmt"/>
        <line num="154" count="0" type="stmt"/>
        <line num="156" count="0" type="stmt"/>
        <line num="163" count="0" type="stmt"/>
        <line num="164" count="0" type="stmt"/>
        <line num="165" count="0" type="stmt"/>
        <line num="166" count="0" type="stmt"/>
        <line num="168" count="0" type="stmt"/>
        <line num="172" count="0" type="cond" truecount="0" falsecount="2"/>
        <line num="173" count="0" type="cond" truecount="0" falsecount="2"/>
        <line num="175" count="0" type="cond" truecount="0" falsecount="2"/>
        <line num="176" count="0" type="stmt"/>
        <line num="177" count="0" type="cond" truecount="0" falsecount="2"/>
        <line num="178" count="0" type="stmt"/>
        <line num="180" count="0" type="stmt"/>
        <line num="185" count="0" type="stmt"/>
        <line num="188" count="0" type="stmt"/>
        <line num="189" count="0" type="cond" truecount="0" falsecount="2"/>
        <line num="190" count="0" type="stmt"/>
        <line num="201" count="0" type="stmt"/>
        <line num="206" count="0" type="stmt"/>
        <line num="211" count="0" type="stmt"/>
        <line num="214" count="0" type="stmt"/>
        <line num="215" count="0" type="cond" truecount="0" falsecount="2"/>
        <line num="216" count="0" type="stmt"/>
        <line num="227" count="0" type="cond" truecount="0" falsecount="4"/>
        <line num="231" count="0" type="stmt"/>
        <line num="236" count="0" type="stmt"/>
        <line num="249" count="0" type="stmt"/>
        <line num="250" count="0" type="stmt"/>
        <line num="255" count="0" type="stmt"/>
        <line num="267" count="0" type="stmt"/>
        <line num="275" count="0" type="cond" truecount="0" falsecount="2"/>
        <line num="281" count="0" type="stmt"/>
        <line num="289" count="0" type="cond" truecount="0" falsecount="2"/>
        <line num="308" count="0" type="stmt"/>
        <line num="334" count="0" type="stmt"/>
        <line num="366" count="0" type="stmt"/>
        <line num="374" count="0" type="stmt"/>
        <line num="412" count="0" type="stmt"/>
        <line num="420" count="0" type="stmt"/>
        <line num="475" count="0" type="stmt"/>
        <line num="488" count="0" type="stmt"/>
      </file>
    </package>
    <package name="src.store">
      <metrics statements="18" coveredstatements="18" conditionals="4" coveredconditionals="2" methods="6" coveredmethods="6"/>
      <file name="adminAuthStore.ts" path="/Users/ethan.ning/Develop/workspace/b2b-wholesale-frontend/src/store/adminAuthStore.ts">
        <metrics statements="9" coveredstatements="9" conditionals="2" coveredconditionals="1" methods="3" coveredmethods="3"/>
        <line num="11" count="12" type="stmt"/>
        <line num="12" count="12" type="stmt"/>
        <line num="14" count="12" type="stmt"/>
        <line num="19" count="49" type="stmt"/>
        <line num="20" count="49" type="stmt"/>
        <line num="21" count="49" type="stmt"/>
        <line num="25" count="53" type="stmt"/>
        <line num="26" count="53" type="stmt"/>
        <line num="27" count="53" type="stmt"/>
      </file>
      <file name="authStore.ts" path="/Users/ethan.ning/Develop/workspace/b2b-wholesale-frontend/src/store/authStore.ts">
        <metrics statements="9" coveredstatements="9" conditionals="2" coveredconditionals="1" methods="3" coveredmethods="3"/>
        <line num="20" count="12" type="stmt"/>
        <line num="21" count="12" type="stmt"/>
        <line num="23" count="12" type="stmt"/>
        <line num="28" count="19" type="stmt"/>
        <line num="29" count="19" type="stmt"/>
        <line num="30" count="19" type="stmt"/>
        <line num="34" count="8" type="stmt"/>
        <line num="35" count="8" type="stmt"/>
        <line num="36" count="8" type="stmt"/>
      </file>
    </package>
    <package name="src.utils">
      <metrics statements="5" coveredstatements="5" conditionals="4" coveredconditionals="4" methods="2" coveredmethods="2"/>
      <file name="money.ts" path="/Users/ethan.ning/Develop/workspace/b2b-wholesale-frontend/src/utils/money.ts">
        <metrics statements="5" coveredstatements="5" conditionals="4" coveredconditionals="4" methods="2" coveredmethods="2"/>
        <line num="2" count="345" type="stmt"/>
        <line num="10" count="51" type="cond" truecount="2" falsecount="0"/>
        <line num="11" count="50" type="stmt"/>
        <line num="12" count="50" type="stmt"/>
        <line num="13" count="50" type="cond" truecount="2" falsecount="0"/>
      </file>
    </package>
  </project>
</coverage>
