{"/Users/ethan.ning/Develop/workspace/b2b-wholesale-frontend/src/App.tsx": {"path":"/Users/ethan.ning/Develop/workspace/b2b-wholesale-frontend/src/App.tsx","statementMap":{"0":{"start":{"line":29,"column":2},"end":{"line":65,"column":null}}},"fnMap":{"0":{"name":"App","decl":{"start":{"line":28,"column":24},"end":{"line":28,"column":30}},"loc":{"start":{"line":28,"column":30},"end":{"line":67,"column":null}},"line":28}},"branchMap":{},"s":{"0":0},"f":{"0":0},"b":{},"meta":{"lastBranch":0,"lastFunction":1,"lastStatement":1,"seen":{"f:28:24:28:30":0,"s:29:2:65:Infinity":0},"fnNames":{}}}
,"/Users/ethan.ning/Develop/workspace/b2b-wholesale-frontend/src/brand.ts": {"path":"/Users/ethan.ning/Develop/workspace/b2b-wholesale-frontend/src/brand.ts","statementMap":{"0":{"start":{"line":8,"column":21},"end":{"line":20,"column":null}},"1":{"start":{"line":22,"column":31},"end":{"line":22,"column":null}},"2":{"start":{"line":23,"column":25},"end":{"line":23,"column":null}},"3":{"start":{"line":24,"column":20},"end":{"line":24,"column":null}}},"fnMap":{},"branchMap":{},"s":{"0":0,"1":0,"2":0,"3":0},"f":{},"b":{},"meta":{"lastBranch":0,"lastFunction":0,"lastStatement":4,"seen":{"s:8:21:20:Infinity":0,"s:22:31:22:Infinity":1,"s:23:25:23:Infinity":2,"s:24:20:24:Infinity":3},"fnNames":{}}}
,"/Users/ethan.ning/Develop/workspace/b2b-wholesale-frontend/src/api/adminApi.ts": {"path":"/Users/ethan.ning/Develop/workspace/b2b-wholesale-frontend/src/api/adminApi.ts","statementMap":{"0":{"start":{"line":10,"column":25},"end":{"line":10,"column":null}},"1":{"start":{"line":14,"column":19},"end":{"line":14,"column":null}},"2":{"start":{"line":15,"column":2},"end":{"line":15,"column":null}},"3":{"start":{"line":23,"column":19},"end":{"line":26,"column":null}},"4":{"start":{"line":27,"column":2},"end":{"line":27,"column":null}},"5":{"start":{"line":32,"column":19},"end":{"line":32,"column":null}},"6":{"start":{"line":33,"column":2},"end":{"line":33,"column":null}},"7":{"start":{"line":42,"column":19},"end":{"line":42,"column":null}},"8":{"start":{"line":43,"column":2},"end":{"line":43,"column":null}},"9":{"start":{"line":48,"column":2},"end":{"line":48,"column":null}},"10":{"start":{"line":53,"column":19},"end":{"line":53,"column":null}},"11":{"start":{"line":54,"column":2},"end":{"line":54,"column":null}},"12":{"start":{"line":70,"column":41},"end":{"line":73,"column":null}},"13":{"start":{"line":74,"column":2},"end":{"line":74,"column":null}},"14":{"start":{"line":74,"column":20},"end":{"line":74,"column":null}},"15":{"start":{"line":75,"column":2},"end":{"line":75,"column":null}},"16":{"start":{"line":75,"column":24},"end":{"line":75,"column":null}},"17":{"start":{"line":76,"column":2},"end":{"line":76,"column":null}},"18":{"start":{"line":76,"column":18},"end":{"line":76,"column":null}},"19":{"start":{"line":77,"column":2},"end":{"line":77,"column":null}},"20":{"start":{"line":77,"column":23},"end":{"line":77,"column":null}},"21":{"start":{"line":79,"column":19},"end":{"line":79,"column":null}},"22":{"start":{"line":80,"column":2},"end":{"line":80,"column":null}},"23":{"start":{"line":84,"column":19},"end":{"line":84,"column":null}},"24":{"start":{"line":85,"column":2},"end":{"line":85,"column":null}},"25":{"start":{"line":108,"column":19},"end":{"line":108,"column":null}},"26":{"start":{"line":109,"column":2},"end":{"line":109,"column":null}},"27":{"start":{"line":118,"column":17},"end":{"line":118,"column":null}},"28":{"start":{"line":119,"column":19},"end":{"line":119,"column":null}},"29":{"start":{"line":120,"column":2},"end":{"line":120,"column":null}},"30":{"start":{"line":125,"column":19},"end":{"line":125,"column":null}},"31":{"start":{"line":126,"column":2},"end":{"line":126,"column":null}},"32":{"start":{"line":130,"column":19},"end":{"line":130,"column":null}},"33":{"start":{"line":131,"column":2},"end":{"line":131,"column":null}},"34":{"start":{"line":135,"column":2},"end":{"line":135,"column":null}},"35":{"start":{"line":139,"column":2},"end":{"line":139,"column":null}},"36":{"start":{"line":151,"column":41},"end":{"line":154,"column":null}},"37":{"start":{"line":155,"column":2},"end":{"line":155,"column":null}},"38":{"start":{"line":155,"column":20},"end":{"line":155,"column":null}},"39":{"start":{"line":156,"column":2},"end":{"line":156,"column":null}},"40":{"start":{"line":156,"column":20},"end":{"line":156,"column":null}},"41":{"start":{"line":158,"column":19},"end":{"line":158,"column":null}},"42":{"start":{"line":159,"column":2},"end":{"line":159,"column":null}},"43":{"start":{"line":163,"column":19},"end":{"line":163,"column":null}},"44":{"start":{"line":164,"column":2},"end":{"line":164,"column":null}},"45":{"start":{"line":177,"column":19},"end":{"line":177,"column":null}},"46":{"start":{"line":178,"column":2},"end":{"line":178,"column":null}},"47":{"start":{"line":195,"column":19},"end":{"line":195,"column":null}},"48":{"start":{"line":196,"column":2},"end":{"line":196,"column":null}},"49":{"start":{"line":200,"column":19},"end":{"line":200,"column":null}},"50":{"start":{"line":201,"column":2},"end":{"line":201,"column":null}},"51":{"start":{"line":205,"column":19},"end":{"line":205,"column":null}},"52":{"start":{"line":206,"column":2},"end":{"line":206,"column":null}},"53":{"start":{"line":220,"column":41},"end":{"line":223,"column":null}},"54":{"start":{"line":224,"column":2},"end":{"line":224,"column":null}},"55":{"start":{"line":224,"column":20},"end":{"line":224,"column":null}},"56":{"start":{"line":225,"column":2},"end":{"line":225,"column":null}},"57":{"start":{"line":225,"column":26},"end":{"line":225,"column":null}},"58":{"start":{"line":227,"column":19},"end":{"line":227,"column":null}},"59":{"start":{"line":228,"column":2},"end":{"line":228,"column":null}},"60":{"start":{"line":235,"column":19},"end":{"line":235,"column":null}},"61":{"start":{"line":236,"column":2},"end":{"line":236,"column":null}},"62":{"start":{"line":245,"column":19},"end":{"line":248,"column":null}},"63":{"start":{"line":249,"column":2},"end":{"line":249,"column":null}},"64":{"start":{"line":253,"column":19},"end":{"line":255,"column":null}},"65":{"start":{"line":256,"column":2},"end":{"line":256,"column":null}},"66":{"start":{"line":265,"column":19},"end":{"line":267,"column":null}},"67":{"start":{"line":268,"column":2},"end":{"line":268,"column":null}}},"fnMap":{"0":{"name":"login","decl":{"start":{"line":13,"column":22},"end":{"line":13,"column":28}},"loc":{"start":{"line":13,"column":90},"end":{"line":16,"column":null}},"line":13},"1":{"name":"changeOwnPassword","decl":{"start":{"line":19,"column":22},"end":{"line":19,"column":null}},"loc":{"start":{"line":22,"column":22},"end":{"line":28,"column":null}},"line":22},"2":{"name":"fetchAdmins","decl":{"start":{"line":31,"column":22},"end":{"line":31,"column":58}},"loc":{"start":{"line":31,"column":58},"end":{"line":34,"column":null}},"line":31},"3":{"name":"createAdmin","decl":{"start":{"line":37,"column":22},"end":{"line":37,"column":34}},"loc":{"start":{"line":41,"column":26},"end":{"line":44,"column":null}},"line":41},"4":{"name":"deleteAdmin","decl":{"start":{"line":47,"column":22},"end":{"line":47,"column":34}},"loc":{"start":{"line":47,"column":61},"end":{"line":49,"column":null}},"line":47},"5":{"name":"fetchDashboard","decl":{"start":{"line":52,"column":22},"end":{"line":52,"column":64}},"loc":{"start":{"line":52,"column":64},"end":{"line":55,"column":null}},"line":52},"6":{"name":"fetchProducts","decl":{"start":{"line":69,"column":22},"end":{"line":69,"column":36}},"loc":{"start":{"line":69,"column":93},"end":{"line":81,"column":null}},"line":69},"7":{"name":"fetchProduct","decl":{"start":{"line":83,"column":22},"end":{"line":83,"column":35}},"loc":{"start":{"line":83,"column":85},"end":{"line":86,"column":null}},"line":83},"8":{"name":"updateProduct","decl":{"start":{"line":107,"column":22},"end":{"line":107,"column":36}},"loc":{"start":{"line":107,"column":109},"end":{"line":110,"column":null}},"line":107},"9":{"name":"setProductActive","decl":{"start":{"line":117,"column":22},"end":{"line":117,"column":39}},"loc":{"start":{"line":117,"column":97},"end":{"line":121,"column":null}},"line":117},"10":{"name":"fetchCategories","decl":{"start":{"line":124,"column":22},"end":{"line":124,"column":65}},"loc":{"start":{"line":124,"column":65},"end":{"line":127,"column":null}},"line":124},"11":{"name":"createCategory","decl":{"start":{"line":129,"column":22},"end":{"line":129,"column":37}},"loc":{"start":{"line":129,"column":95},"end":{"line":132,"column":null}},"line":129},"12":{"name":"renameCategory","decl":{"start":{"line":134,"column":22},"end":{"line":134,"column":37}},"loc":{"start":{"line":134,"column":78},"end":{"line":136,"column":null}},"line":134},"13":{"name":"deleteCategory","decl":{"start":{"line":138,"column":22},"end":{"line":138,"column":37}},"loc":{"start":{"line":138,"column":64},"end":{"line":140,"column":null}},"line":138},"14":{"name":"fetchCustomers","decl":{"start":{"line":150,"column":22},"end":{"line":150,"column":37}},"loc":{"start":{"line":150,"column":91},"end":{"line":160,"column":null}},"line":150},"15":{"name":"fetchCustomer","decl":{"start":{"line":162,"column":22},"end":{"line":162,"column":36}},"loc":{"start":{"line":162,"column":76},"end":{"line":165,"column":null}},"line":162},"16":{"name":"createCustomer","decl":{"start":{"line":176,"column":22},"end":{"line":176,"column":37}},"loc":{"start":{"line":176,"column":87},"end":{"line":179,"column":null}},"line":176},"17":{"name":"resetCustomerPassword","decl":{"start":{"line":194,"column":22},"end":{"line":194,"column":44}},"loc":{"start":{"line":194,"column":82},"end":{"line":197,"column":null}},"line":194},"18":{"name":"updateCustomer","decl":{"start":{"line":199,"column":22},"end":{"line":199,"column":37}},"loc":{"start":{"line":199,"column":101},"end":{"line":202,"column":null}},"line":199},"19":{"name":"fetchTiers","decl":{"start":{"line":204,"column":22},"end":{"line":204,"column":60}},"loc":{"start":{"line":204,"column":60},"end":{"line":207,"column":null}},"line":204},"20":{"name":"fetchInventory","decl":{"start":{"line":219,"column":22},"end":{"line":219,"column":37}},"loc":{"start":{"line":219,"column":88},"end":{"line":229,"column":null}},"line":219},"21":{"name":"fetchSellfoxScope","decl":{"start":{"line":234,"column":22},"end":{"line":234,"column":65}},"loc":{"start":{"line":234,"column":65},"end":{"line":237,"column":null}},"line":234},"22":{"name":"setScope","decl":{"start":{"line":244,"column":22},"end":{"line":244,"column":31}},"loc":{"start":{"line":244,"column":96},"end":{"line":250,"column":null}},"line":244},"23":{"name":"fetchSyncRuns","decl":{"start":{"line":252,"column":22},"end":{"line":252,"column":36}},"loc":{"start":{"line":252,"column":73},"end":{"line":257,"column":null}},"line":252},"24":{"name":"triggerSync","decl":{"start":{"line":264,"column":22},"end":{"line":264,"column":34}},"loc":{"start":{"line":264,"column":95},"end":{"line":269,"column":null}},"line":264}},"branchMap":{"0":{"loc":{"start":{"line":71,"column":17},"end":{"line":71,"column":32}},"type":"binary-expr","locations":[{"start":{"line":71,"column":17},"end":{"line":71,"column":31}},{"start":{"line":71,"column":31},"end":{"line":71,"column":32}}],"line":71},"1":{"loc":{"start":{"line":72,"column":17},"end":{"line":72,"column":40}},"type":"binary-expr","locations":[{"start":{"line":72,"column":17},"end":{"line":72,"column":31}},{"start":{"line":72,"column":31},"end":{"line":72,"column":40}}],"line":72},"2":{"loc":{"start":{"line":74,"column":2},"end":{"line":74,"column":null}},"type":"if","locations":[{"start":{"line":74,"column":2},"end":{"line":74,"column":null}},{"start":{},"end":{}}],"line":74},"3":{"loc":{"start":{"line":75,"column":2},"end":{"line":75,"column":null}},"type":"if","locations":[{"start":{"line":75,"column":2},"end":{"line":75,"column":null}},{"start":{},"end":{}}],"line":75},"4":{"loc":{"start":{"line":76,"column":2},"end":{"line":76,"column":null}},"type":"if","locations":[{"start":{"line":76,"column":2},"end":{"line":76,"column":null}},{"start":{},"end":{}}],"line":76},"5":{"loc":{"start":{"line":77,"column":2},"end":{"line":77,"column":null}},"type":"if","locations":[{"start":{"line":77,"column":2},"end":{"line":77,"column":null}},{"start":{},"end":{}}],"line":77},"6":{"loc":{"start":{"line":118,"column":17},"end":{"line":118,"column":null}},"type":"cond-expr","locations":[{"start":{"line":118,"column":26},"end":{"line":118,"column":39}},{"start":{"line":118,"column":39},"end":{"line":118,"column":null}}],"line":118},"7":{"loc":{"start":{"line":152,"column":17},"end":{"line":152,"column":32}},"type":"binary-expr","locations":[{"start":{"line":152,"column":17},"end":{"line":152,"column":31}},{"start":{"line":152,"column":31},"end":{"line":152,"column":32}}],"line":152},"8":{"loc":{"start":{"line":153,"column":17},"end":{"line":153,"column":40}},"type":"binary-expr","locations":[{"start":{"line":153,"column":17},"end":{"line":153,"column":31}},{"start":{"line":153,"column":31},"end":{"line":153,"column":40}}],"line":153},"9":{"loc":{"start":{"line":155,"column":2},"end":{"line":155,"column":null}},"type":"if","locations":[{"start":{"line":155,"column":2},"end":{"line":155,"column":null}},{"start":{},"end":{}}],"line":155},"10":{"loc":{"start":{"line":156,"column":2},"end":{"line":156,"column":null}},"type":"if","locations":[{"start":{"line":156,"column":2},"end":{"line":156,"column":null}},{"start":{},"end":{}}],"line":156},"11":{"loc":{"start":{"line":221,"column":17},"end":{"line":221,"column":32}},"type":"binary-expr","locations":[{"start":{"line":221,"column":17},"end":{"line":221,"column":31}},{"start":{"line":221,"column":31},"end":{"line":221,"column":32}}],"line":221},"12":{"loc":{"start":{"line":222,"column":17},"end":{"line":222,"column":33}},"type":"binary-expr","locations":[{"start":{"line":222,"column":17},"end":{"line":222,"column":31}},{"start":{"line":222,"column":31},"end":{"line":222,"column":33}}],"line":222},"13":{"loc":{"start":{"line":224,"column":2},"end":{"line":224,"column":null}},"type":"if","locations":[{"start":{"line":224,"column":2},"end":{"line":224,"column":null}},{"start":{},"end":{}}],"line":224},"14":{"loc":{"start":{"line":225,"column":2},"end":{"line":225,"column":null}},"type":"if","locations":[{"start":{"line":225,"column":2},"end":{"line":225,"column":null}},{"start":{},"end":{}}],"line":225},"15":{"loc":{"start":{"line":252,"column":36},"end":{"line":252,"column":73}},"type":"default-arg","locations":[{"start":{"line":252,"column":44},"end":{"line":252,"column":73}}],"line":252},"16":{"loc":{"start":{"line":264,"column":34},"end":{"line":264,"column":95}},"type":"default-arg","locations":[{"start":{"line":264,"column":62},"end":{"line":264,"column":95}}],"line":264},"17":{"loc":{"start":{"line":266,"column":12},"end":{"line":266,"column":null}},"type":"cond-expr","locations":[{"start":{"line":266,"column":30},"end":{"line":266,"column":42}},{"start":{"line":266,"column":42},"end":{"line":266,"column":null}}],"line":266}},"s":{"0":0,"1":0,"2":0,"3":0,"4":0,"5":0,"6":0,"7":0,"8":0,"9":0,"10":0,"11":0,"12":0,"13":0,"14":0,"15":0,"16":0,"17":0,"18":0,"19":0,"20":0,"21":0,"22":0,"23":0,"24":0,"25":0,"26":0,"27":0,"28":0,"29":0,"30":0,"31":0,"32":0,"33":0,"34":0,"35":0,"36":0,"37":0,"38":0,"39":0,"40":0,"41":0,"42":0,"43":0,"44":0,"45":0,"46":0,"47":0,"48":0,"49":0,"50":0,"51":0,"52":0,"53":0,"54":0,"55":0,"56":0,"57":0,"58":0,"59":0,"60":0,"61":0,"62":0,"63":0,"64":0,"65":0,"66":0,"67":0},"f":{"0":0,"1":0,"2":0,"3":0,"4":0,"5":0,"6":0,"7":0,"8":0,"9":0,"10":0,"11":0,"12":0,"13":0,"14":0,"15":0,"16":0,"17":0,"18":0,"19":0,"20":0,"21":0,"22":0,"23":0,"24":0},"b":{"0":[0,0],"1":[0,0],"2":[0,0],"3":[0,0],"4":[0,0],"5":[0,0],"6":[0,0],"7":[0,0],"8":[0,0],"9":[0,0],"10":[0,0],"11":[0,0],"12":[0,0],"13":[0,0],"14":[0,0],"15":[0],"16":[0],"17":[0,0]},"meta":{"lastBranch":18,"lastFunction":25,"lastStatement":68,"seen":{"s:10:25:10:Infinity":0,"f:13:22:13:28":0,"s:14:19:14:Infinity":1,"s:15:2:15:Infinity":2,"f:19:22:19:Infinity":1,"s:23:19:26:Infinity":3,"s:27:2:27:Infinity":4,"f:31:22:31:58":2,"s:32:19:32:Infinity":5,"s:33:2:33:Infinity":6,"f:37:22:37:34":3,"s:42:19:42:Infinity":7,"s:43:2:43:Infinity":8,"f:47:22:47:34":4,"s:48:2:48:Infinity":9,"f:52:22:52:64":5,"s:53:19:53:Infinity":10,"s:54:2:54:Infinity":11,"f:69:22:69:36":6,"s:70:41:73:Infinity":12,"b:71:17:71:31:71:31:71:32":0,"b:72:17:72:31:72:31:72:40":1,"b:74:2:74:Infinity:undefined:undefined:undefined:undefined":2,"s:74:2:74:Infinity":13,"s:74:20:74:Infinity":14,"b:75:2:75:Infinity:undefined:undefined:undefined:undefined":3,"s:75:2:75:Infinity":15,"s:75:24:75:Infinity":16,"b:76:2:76:Infinity:undefined:undefined:undefined:undefined":4,"s:76:2:76:Infinity":17,"s:76:18:76:Infinity":18,"b:77:2:77:Infinity:undefined:undefined:undefined:undefined":5,"s:77:2:77:Infinity":19,"s:77:23:77:Infinity":20,"s:79:19:79:Infinity":21,"s:80:2:80:Infinity":22,"f:83:22:83:35":7,"s:84:19:84:Infinity":23,"s:85:2:85:Infinity":24,"f:107:22:107:36":8,"s:108:19:108:Infinity":25,"s:109:2:109:Infinity":26,"f:117:22:117:39":9,"s:118:17:118:Infinity":27,"b:118:26:118:39:118:39:118:Infinity":6,"s:119:19:119:Infinity":28,"s:120:2:120:Infinity":29,"f:124:22:124:65":10,"s:125:19:125:Infinity":30,"s:126:2:126:Infinity":31,"f:129:22:129:37":11,"s:130:19:130:Infinity":32,"s:131:2:131:Infinity":33,"f:134:22:134:37":12,"s:135:2:135:Infinity":34,"f:138:22:138:37":13,"s:139:2:139:Infinity":35,"f:150:22:150:37":14,"s:151:41:154:Infinity":36,"b:152:17:152:31:152:31:152:32":7,"b:153:17:153:31:153:31:153:40":8,"b:155:2:155:Infinity:undefined:undefined:undefined:undefined":9,"s:155:2:155:Infinity":37,"s:155:20:155:Infinity":38,"b:156:2:156:Infinity:undefined:undefined:undefined:undefined":10,"s:156:2:156:Infinity":39,"s:156:20:156:Infinity":40,"s:158:19:158:Infinity":41,"s:159:2:159:Infinity":42,"f:162:22:162:36":15,"s:163:19:163:Infinity":43,"s:164:2:164:Infinity":44,"f:176:22:176:37":16,"s:177:19:177:Infinity":45,"s:178:2:178:Infinity":46,"f:194:22:194:44":17,"s:195:19:195:Infinity":47,"s:196:2:196:Infinity":48,"f:199:22:199:37":18,"s:200:19:200:Infinity":49,"s:201:2:201:Infinity":50,"f:204:22:204:60":19,"s:205:19:205:Infinity":51,"s:206:2:206:Infinity":52,"f:219:22:219:37":20,"s:220:41:223:Infinity":53,"b:221:17:221:31:221:31:221:32":11,"b:222:17:222:31:222:31:222:33":12,"b:224:2:224:Infinity:undefined:undefined:undefined:undefined":13,"s:224:2:224:Infinity":54,"s:224:20:224:Infinity":55,"b:225:2:225:Infinity:undefined:undefined:undefined:undefined":14,"s:225:2:225:Infinity":56,"s:225:26:225:Infinity":57,"s:227:19:227:Infinity":58,"s:228:2:228:Infinity":59,"f:234:22:234:65":21,"s:235:19:235:Infinity":60,"s:236:2:236:Infinity":61,"f:244:22:244:31":22,"s:245:19:248:Infinity":62,"s:249:2:249:Infinity":63,"f:252:22:252:36":23,"b:252:44:252:73":15,"s:253:19:255:Infinity":64,"s:256:2:256:Infinity":65,"f:264:22:264:34":24,"b:264:62:264:95":16,"s:265:19:267:Infinity":66,"b:266:30:266:42:266:42:266:Infinity":17,"s:268:2:268:Infinity":67},"fnNames":{}}}
,"/Users/ethan.ning/Develop/workspace/b2b-wholesale-frontend/src/api/catalog.ts": {"path":"/Users/ethan.ning/Develop/workspace/b2b-wholesale-frontend/src/api/catalog.ts","statementMap":{"0":{"start":{"line":19,"column":25},"end":{"line":19,"column":null}},"1":{"start":{"line":22,"column":19},"end":{"line":22,"column":null}},"2":{"start":{"line":23,"column":2},"end":{"line":23,"column":null}},"3":{"start":{"line":36,"column":19},"end":{"line":40,"column":null}},"4":{"start":{"line":41,"column":2},"end":{"line":41,"column":null}},"5":{"start":{"line":45,"column":19},"end":{"line":45,"column":null}},"6":{"start":{"line":46,"column":2},"end":{"line":46,"column":null}},"7":{"start":{"line":50,"column":41},"end":{"line":54,"column":null}},"8":{"start":{"line":55,"column":2},"end":{"line":55,"column":null}},"9":{"start":{"line":55,"column":20},"end":{"line":55,"column":null}},"10":{"start":{"line":56,"column":2},"end":{"line":56,"column":null}},"11":{"start":{"line":56,"column":22},"end":{"line":56,"column":null}},"12":{"start":{"line":57,"column":2},"end":{"line":57,"column":null}},"13":{"start":{"line":57,"column":36},"end":{"line":57,"column":null}},"14":{"start":{"line":58,"column":2},"end":{"line":58,"column":null}},"15":{"start":{"line":58,"column":36},"end":{"line":58,"column":null}},"16":{"start":{"line":60,"column":19},"end":{"line":60,"column":null}},"17":{"start":{"line":61,"column":2},"end":{"line":61,"column":null}},"18":{"start":{"line":65,"column":19},"end":{"line":65,"column":null}},"19":{"start":{"line":66,"column":2},"end":{"line":66,"column":null}}},"fnMap":{"0":{"name":"login","decl":{"start":{"line":21,"column":22},"end":{"line":21,"column":28}},"loc":{"start":{"line":21,"column":85},"end":{"line":24,"column":null}},"line":21},"1":{"name":"changePassword","decl":{"start":{"line":31,"column":22},"end":{"line":31,"column":null}},"loc":{"start":{"line":35,"column":26},"end":{"line":42,"column":null}},"line":35},"2":{"name":"fetchCategories","decl":{"start":{"line":44,"column":22},"end":{"line":44,"column":61}},"loc":{"start":{"line":44,"column":61},"end":{"line":47,"column":null}},"line":44},"3":{"name":"searchProducts","decl":{"start":{"line":49,"column":22},"end":{"line":49,"column":37}},"loc":{"start":{"line":49,"column":89},"end":{"line":62,"column":null}},"line":49},"4":{"name":"fetchProduct","decl":{"start":{"line":64,"column":22},"end":{"line":64,"column":35}},"loc":{"start":{"line":64,"column":70},"end":{"line":67,"column":null}},"line":64}},"branchMap":{"0":{"loc":{"start":{"line":51,"column":17},"end":{"line":51,"column":32}},"type":"binary-expr","locations":[{"start":{"line":51,"column":17},"end":{"line":51,"column":31}},{"start":{"line":51,"column":31},"end":{"line":51,"column":32}}],"line":51},"1":{"loc":{"start":{"line":52,"column":17},"end":{"line":52,"column":40}},"type":"binary-expr","locations":[{"start":{"line":52,"column":17},"end":{"line":52,"column":31}},{"start":{"line":52,"column":31},"end":{"line":52,"column":40}}],"line":52},"2":{"loc":{"start":{"line":53,"column":10},"end":{"line":53,"column":null}},"type":"binary-expr","locations":[{"start":{"line":53,"column":10},"end":{"line":53,"column":24}},{"start":{"line":53,"column":24},"end":{"line":53,"column":null}}],"line":53},"3":{"loc":{"start":{"line":55,"column":2},"end":{"line":55,"column":null}},"type":"if","locations":[{"start":{"line":55,"column":2},"end":{"line":55,"column":null}},{"start":{},"end":{}}],"line":55},"4":{"loc":{"start":{"line":56,"column":2},"end":{"line":56,"column":null}},"type":"if","locations":[{"start":{"line":56,"column":2},"end":{"line":56,"column":null}},{"start":{},"end":{}}],"line":56},"5":{"loc":{"start":{"line":57,"column":2},"end":{"line":57,"column":null}},"type":"if","locations":[{"start":{"line":57,"column":2},"end":{"line":57,"column":null}},{"start":{},"end":{}}],"line":57},"6":{"loc":{"start":{"line":58,"column":2},"end":{"line":58,"column":null}},"type":"if","locations":[{"start":{"line":58,"column":2},"end":{"line":58,"column":null}},{"start":{},"end":{}}],"line":58}},"s":{"0":0,"1":0,"2":0,"3":0,"4":0,"5":0,"6":0,"7":0,"8":0,"9":0,"10":0,"11":0,"12":0,"13":0,"14":0,"15":0,"16":0,"17":0,"18":0,"19":0},"f":{"0":0,"1":0,"2":0,"3":0,"4":0},"b":{"0":[0,0],"1":[0,0],"2":[0,0],"3":[0,0],"4":[0,0],"5":[0,0],"6":[0,0]},"meta":{"lastBranch":7,"lastFunction":5,"lastStatement":20,"seen":{"s:19:25:19:Infinity":0,"f:21:22:21:28":0,"s:22:19:22:Infinity":1,"s:23:2:23:Infinity":2,"f:31:22:31:Infinity":1,"s:36:19:40:Infinity":3,"s:41:2:41:Infinity":4,"f:44:22:44:61":2,"s:45:19:45:Infinity":5,"s:46:2:46:Infinity":6,"f:49:22:49:37":3,"s:50:41:54:Infinity":7,"b:51:17:51:31:51:31:51:32":0,"b:52:17:52:31:52:31:52:40":1,"b:53:10:53:24:53:24:53:Infinity":2,"b:55:2:55:Infinity:undefined:undefined:undefined:undefined":3,"s:55:2:55:Infinity":8,"s:55:20:55:Infinity":9,"b:56:2:56:Infinity:undefined:undefined:undefined:undefined":4,"s:56:2:56:Infinity":10,"s:56:22:56:Infinity":11,"b:57:2:57:Infinity:undefined:undefined:undefined:undefined":5,"s:57:2:57:Infinity":12,"s:57:36:57:Infinity":13,"b:58:2:58:Infinity:undefined:undefined:undefined:undefined":6,"s:58:2:58:Infinity":14,"s:58:36:58:Infinity":15,"s:60:19:60:Infinity":16,"s:61:2:61:Infinity":17,"f:64:22:64:35":4,"s:65:19:65:Infinity":18,"s:66:2:66:Infinity":19},"fnNames":{}}}
,"/Users/ethan.ning/Develop/workspace/b2b-wholesale-frontend/src/api/http.ts": {"path":"/Users/ethan.ning/Develop/workspace/b2b-wholesale-frontend/src/api/http.ts","statementMap":{"0":{"start":{"line":7,"column":17},"end":{"line":7,"column":null}},"1":{"start":{"line":14,"column":17},"end":{"line":17,"column":null}},"2":{"start":{"line":19,"column":2},"end":{"line":23,"column":null}},"3":{"start":{"line":20,"column":18},"end":{"line":20,"column":null}},"4":{"start":{"line":21,"column":4},"end":{"line":21,"column":null}},"5":{"start":{"line":21,"column":15},"end":{"line":21,"column":null}},"6":{"start":{"line":22,"column":4},"end":{"line":22,"column":null}},"7":{"start":{"line":25,"column":2},"end":{"line":35,"column":null}},"8":{"start":{"line":26,"column":13},"end":{"line":26,"column":null}},"9":{"start":{"line":28,"column":6},"end":{"line":32,"column":null}},"10":{"start":{"line":29,"column":8},"end":{"line":29,"column":null}},"11":{"start":{"line":30,"column":8},"end":{"line":30,"column":null}},"12":{"start":{"line":31,"column":8},"end":{"line":31,"column":null}},"13":{"start":{"line":33,"column":6},"end":{"line":33,"column":null}},"14":{"start":{"line":37,"column":2},"end":{"line":37,"column":null}},"15":{"start":{"line":40,"column":28},"end":{"line":40,"column":null}},"16":{"start":{"line":41,"column":27},"end":{"line":41,"column":null}},"17":{"start":{"line":52,"column":16},"end":{"line":52,"column":null}},"18":{"start":{"line":53,"column":2},"end":{"line":53,"column":null}},"19":{"start":{"line":72,"column":18},"end":{"line":72,"column":null}},"20":{"start":{"line":75,"column":2},"end":{"line":79,"column":null}},"21":{"start":{"line":76,"column":4},"end":{"line":78,"column":null}},"22":{"start":{"line":81,"column":21},"end":{"line":81,"column":null}},"23":{"start":{"line":82,"column":15},"end":{"line":82,"column":null}},"24":{"start":{"line":84,"column":2},"end":{"line":84,"column":null}},"25":{"start":{"line":84,"column":22},"end":{"line":84,"column":null}},"26":{"start":{"line":87,"column":2},"end":{"line":87,"column":null}},"27":{"start":{"line":87,"column":22},"end":{"line":87,"column":null}},"28":{"start":{"line":88,"column":2},"end":{"line":88,"column":null}},"29":{"start":{"line":88,"column":22},"end":{"line":88,"column":null}},"30":{"start":{"line":89,"column":2},"end":{"line":89,"column":null}},"31":{"start":{"line":89,"column":22},"end":{"line":89,"column":null}},"32":{"start":{"line":93,"column":2},"end":{"line":95,"column":null}},"33":{"start":{"line":94,"column":4},"end":{"line":94,"column":null}},"34":{"start":{"line":96,"column":2},"end":{"line":96,"column":null}},"35":{"start":{"line":96,"column":31},"end":{"line":96,"column":null}},"36":{"start":{"line":98,"column":2},"end":{"line":98,"column":null}},"37":{"start":{"line":109,"column":26},"end":{"line":112,"column":null}}},"fnMap":{"0":{"name":"createClient","decl":{"start":{"line":13,"column":9},"end":{"line":13,"column":22}},"loc":{"start":{"line":13,"column":91},"end":{"line":38,"column":null}},"line":13},"1":{"name":"(anonymous_1)","decl":{"start":{"line":19,"column":30},"end":{"line":19,"column":35}},"loc":{"start":{"line":19,"column":46},"end":{"line":23,"column":3}},"line":19},"2":{"name":"(anonymous_2)","decl":{"start":{"line":25,"column":31},"end":{"line":25,"column":null}},"loc":{"start":{"line":26,"column":13},"end":{"line":26,"column":null}},"line":26},"3":{"name":"(anonymous_3)","decl":{"start":{"line":26,"column":13},"end":{"line":26,"column":null}},"loc":{"start":{"line":27,"column":13},"end":{"line":34,"column":null}},"line":27},"4":{"name":"apiErrorMessage","decl":{"start":{"line":51,"column":16},"end":{"line":51,"column":32}},"loc":{"start":{"line":51,"column":74},"end":{"line":54,"column":null}},"line":51},"5":{"name":"authFailureMessage","decl":{"start":{"line":71,"column":16},"end":{"line":71,"column":35}},"loc":{"start":{"line":71,"column":85},"end":{"line":99,"column":null}},"line":71}},"branchMap":{"0":{"loc":{"start":{"line":7,"column":17},"end":{"line":7,"column":null}},"type":"binary-expr","locations":[{"start":{"line":7,"column":17},"end":{"line":7,"column":54}},{"start":{"line":7,"column":54},"end":{"line":7,"column":null}}],"line":7},"1":{"loc":{"start":{"line":21,"column":4},"end":{"line":21,"column":null}},"type":"if","locations":[{"start":{"line":21,"column":4},"end":{"line":21,"column":null}},{"start":{},"end":{}}],"line":21},"2":{"loc":{"start":{"line":28,"column":6},"end":{"line":32,"column":null}},"type":"if","locations":[{"start":{"line":28,"column":6},"end":{"line":32,"column":null}},{"start":{},"end":{}}],"line":28},"3":{"loc":{"start":{"line":53,"column":9},"end":{"line":53,"column":null}},"type":"binary-expr","locations":[{"start":{"line":53,"column":9},"end":{"line":53,"column":25}},{"start":{"line":53,"column":25},"end":{"line":53,"column":null}}],"line":53},"4":{"loc":{"start":{"line":75,"column":2},"end":{"line":79,"column":null}},"type":"if","locations":[{"start":{"line":75,"column":2},"end":{"line":79,"column":null}},{"start":{},"end":{}}],"line":75},"5":{"loc":{"start":{"line":76,"column":11},"end":{"line":78,"column":null}},"type":"cond-expr","locations":[{"start":{"line":77,"column":8},"end":{"line":77,"column":null}},{"start":{"line":78,"column":8},"end":{"line":78,"column":null}}],"line":76},"6":{"loc":{"start":{"line":84,"column":2},"end":{"line":84,"column":null}},"type":"if","locations":[{"start":{"line":84,"column":2},"end":{"line":84,"column":null}},{"start":{},"end":{}}],"line":84},"7":{"loc":{"start":{"line":84,"column":29},"end":{"line":84,"column":null}},"type":"binary-expr","locations":[{"start":{"line":84,"column":29},"end":{"line":84,"column":37}},{"start":{"line":84,"column":37},"end":{"line":84,"column":null}}],"line":84},"8":{"loc":{"start":{"line":87,"column":2},"end":{"line":87,"column":null}},"type":"if","locations":[{"start":{"line":87,"column":2},"end":{"line":87,"column":null}},{"start":{},"end":{}}],"line":87},"9":{"loc":{"start":{"line":88,"column":2},"end":{"line":88,"column":null}},"type":"if","locations":[{"start":{"line":88,"column":2},"end":{"line":88,"column":null}},{"start":{},"end":{}}],"line":88},"10":{"loc":{"start":{"line":89,"column":2},"end":{"line":89,"column":null}},"type":"if","locations":[{"start":{"line":89,"column":2},"end":{"line":89,"column":null}},{"start":{},"end":{}}],"line":89},"11":{"loc":{"start":{"line":93,"column":2},"end":{"line":95,"column":null}},"type":"if","locations":[{"start":{"line":93,"column":2},"end":{"line":95,"column":null}},{"start":{},"end":{}}],"line":93},"12":{"loc":{"start":{"line":93,"column":6},"end":{"line":93,"column":58}},"type":"binary-expr","locations":[{"start":{"line":93,"column":6},"end":{"line":93,"column":24}},{"start":{"line":93,"column":24},"end":{"line":93,"column":42}},{"start":{"line":93,"column":42},"end":{"line":93,"column":58}}],"line":93},"13":{"loc":{"start":{"line":96,"column":2},"end":{"line":96,"column":null}},"type":"if","locations":[{"start":{"line":96,"column":2},"end":{"line":96,"column":null}},{"start":{},"end":{}}],"line":96},"14":{"loc":{"start":{"line":96,"column":6},"end":{"line":96,"column":31}},"type":"binary-expr","locations":[{"start":{"line":96,"column":6},"end":{"line":96,"column":16}},{"start":{"line":96,"column":16},"end":{"line":96,"column":31}}],"line":96},"15":{"loc":{"start":{"line":98,"column":9},"end":{"line":98,"column":null}},"type":"binary-expr","locations":[{"start":{"line":98,"column":9},"end":{"line":98,"column":17}},{"start":{"line":98,"column":17},"end":{"line":98,"column":null}}],"line":98}},"s":{"0":3,"1":6,"2":6,"3":0,"4":0,"5":0,"6":0,"7":6,"8":0,"9":0,"10":0,"11":0,"12":0,"13":0,"14":6,"15":3,"16":3,"17":5,"18":5,"19":11,"20":11,"21":2,"22":9,"23":9,"24":11,"25":2,"26":7,"27":1,"28":6,"29":0,"30":6,"31":1,"32":5,"33":3,"34":2,"35":1,"36":1,"37":3},"f":{"0":6,"1":0,"2":0,"3":0,"4":5,"5":11},"b":{"0":[3,3],"1":[0,0],"2":[0,0],"3":[5,3],"4":[2,9],"5":[1,1],"6":[2,9],"7":[2,1],"8":[1,6],"9":[0,6],"10":[1,5],"11":[3,2],"12":[5,4,3],"13":[1,1],"14":[2,2],"15":[1,1]},"meta":{"lastBranch":16,"lastFunction":6,"lastStatement":38,"seen":{"s:7:17:7:Infinity":0,"b:7:17:7:54:7:54:7:Infinity":0,"f:13:9:13:22":0,"s:14:17:17:Infinity":1,"s:19:2:23:Infinity":2,"f:19:30:19:35":1,"s:20:18:20:Infinity":3,"b:21:4:21:Infinity:undefined:undefined:undefined:undefined":1,"s:21:4:21:Infinity":4,"s:21:15:21:Infinity":5,"s:22:4:22:Infinity":6,"s:25:2:35:Infinity":7,"f:25:31:25:Infinity":2,"s:26:13:26:Infinity":8,"f:26:13:26:Infinity":3,"b:28:6:32:Infinity:undefined:undefined:undefined:undefined":2,"s:28:6:32:Infinity":9,"s:29:8:29:Infinity":10,"s:30:8:30:Infinity":11,"s:31:8:31:Infinity":12,"s:33:6:33:Infinity":13,"s:37:2:37:Infinity":14,"s:40:28:40:Infinity":15,"s:41:27:41:Infinity":16,"f:51:16:51:32":4,"s:52:16:52:Infinity":17,"s:53:2:53:Infinity":18,"b:53:9:53:25:53:25:53:Infinity":3,"f:71:16:71:35":5,"s:72:18:72:Infinity":19,"b:75:2:79:Infinity:undefined:undefined:undefined:undefined":4,"s:75:2:79:Infinity":20,"s:76:4:78:Infinity":21,"b:77:8:77:Infinity:78:8:78:Infinity":5,"s:81:21:81:Infinity":22,"s:82:15:82:Infinity":23,"b:84:2:84:Infinity:undefined:undefined:undefined:undefined":6,"s:84:2:84:Infinity":24,"s:84:22:84:Infinity":25,"b:84:29:84:37:84:37:84:Infinity":7,"b:87:2:87:Infinity:undefined:undefined:undefined:undefined":8,"s:87:2:87:Infinity":26,"s:87:22:87:Infinity":27,"b:88:2:88:Infinity:undefined:undefined:undefined:undefined":9,"s:88:2:88:Infinity":28,"s:88:22:88:Infinity":29,"b:89:2:89:Infinity:undefined:undefined:undefined:undefined":10,"s:89:2:89:Infinity":30,"s:89:22:89:Infinity":31,"b:93:2:95:Infinity:undefined:undefined:undefined:undefined":11,"s:93:2:95:Infinity":32,"b:93:6:93:24:93:24:93:42:93:42:93:58":12,"s:94:4:94:Infinity":33,"b:96:2:96:Infinity:undefined:undefined:undefined:undefined":13,"s:96:2:96:Infinity":34,"b:96:6:96:16:96:16:96:31":14,"s:96:31:96:Infinity":35,"s:98:2:98:Infinity":36,"b:98:9:98:17:98:17:98:Infinity":15,"s:109:26:112:Infinity":37},"fnNames":{}}}
,"/Users/ethan.ning/Develop/workspace/b2b-wholesale-frontend/src/api/types.ts": {"path":"/Users/ethan.ning/Develop/workspace/b2b-wholesale-frontend/src/api/types.ts","statementMap":{},"fnMap":{},"branchMap":{},"s":{},"f":{},"b":{},"meta":{"lastBranch":0,"lastFunction":0,"lastStatement":0,"seen":{},"fnNames":{}}}
,"/Users/ethan.ning/Develop/workspace/b2b-wholesale-frontend/src/components/CategoryTree.tsx": {"path":"/Users/ethan.ning/Develop/workspace/b2b-wholesale-frontend/src/components/CategoryTree.tsx","statementMap":{"0":{"start":{"line":9,"column":2},"end":{"line":13,"column":null}},"1":{"start":{"line":9,"column":32},"end":{"line":13,"column":4}},"2":{"start":{"line":18,"column":2},"end":{"line":18,"column":null}},"3":{"start":{"line":18,"column":34},"end":{"line":18,"column":55}},"4":{"start":{"line":18,"column":68},"end":{"line":18,"column":80}},"5":{"start":{"line":23,"column":2},"end":{"line":27,"column":null}},"6":{"start":{"line":24,"column":4},"end":{"line":24,"column":null}},"7":{"start":{"line":24,"column":25},"end":{"line":24,"column":null}},"8":{"start":{"line":25,"column":18},"end":{"line":25,"column":null}},"9":{"start":{"line":26,"column":4},"end":{"line":26,"column":null}},"10":{"start":{"line":26,"column":15},"end":{"line":26,"column":null}},"11":{"start":{"line":28,"column":2},"end":{"line":28,"column":null}},"12":{"start":{"line":38,"column":47},"end":{"line":38,"column":null}},"13":{"start":{"line":38,"column":65},"end":{"line":38,"column":81}},"14":{"start":{"line":39,"column":34},"end":{"line":39,"column":null}},"15":{"start":{"line":43,"column":2},"end":{"line":43,"column":null}},"16":{"start":{"line":43,"column":15},"end":{"line":43,"column":null}},"17":{"start":{"line":44,"column":2},"end":{"line":44,"column":null}},"18":{"start":{"line":44,"column":13},"end":{"line":44,"column":null}},"19":{"start":{"line":46,"column":15},"end":{"line":46,"column":null}},"20":{"start":{"line":57,"column":18},"end":{"line":60,"column":null}},"21":{"start":{"line":61,"column":23},"end":{"line":61,"column":null}},"22":{"start":{"line":63,"column":2},"end":{"line":75,"column":null}},"23":{"start":{"line":68,"column":26},"end":{"line":68,"column":null}},"24":{"start":{"line":71,"column":20},"end":{"line":71,"column":null}},"25":{"start":{"line":72,"column":8},"end":{"line":72,"column":null}}},"fnMap":{"0":{"name":"toTreeData","decl":{"start":{"line":8,"column":9},"end":{"line":8,"column":20}},"loc":{"start":{"line":8,"column":56},"end":{"line":14,"column":null}},"line":8},"1":{"name":"(anonymous_1)","decl":{"start":{"line":9,"column":20},"end":{"line":9,"column":25}},"loc":{"start":{"line":9,"column":32},"end":{"line":13,"column":4}},"line":9},"2":{"name":"topLevelKeys","decl":{"start":{"line":17,"column":9},"end":{"line":17,"column":22}},"loc":{"start":{"line":17,"column":56},"end":{"line":19,"column":null}},"line":17},"3":{"name":"(anonymous_3)","decl":{"start":{"line":18,"column":20},"end":{"line":18,"column":28}},"loc":{"start":{"line":18,"column":34},"end":{"line":18,"column":55}},"line":18},"4":{"name":"(anonymous_4)","decl":{"start":{"line":18,"column":57},"end":{"line":18,"column":62}},"loc":{"start":{"line":18,"column":68},"end":{"line":18,"column":80}},"line":18},"5":{"name":"pathTo","decl":{"start":{"line":22,"column":9},"end":{"line":22,"column":16}},"loc":{"start":{"line":22,"column":95},"end":{"line":29,"column":null}},"line":22},"6":{"name":"CategoryTree","decl":{"start":{"line":37,"column":24},"end":{"line":37,"column":37}},"loc":{"start":{"line":37,"column":70},"end":{"line":77,"column":null}},"line":37},"7":{"name":"(anonymous_7)","decl":{"start":{"line":38,"column":47},"end":{"line":38,"column":65}},"loc":{"start":{"line":38,"column":65},"end":{"line":38,"column":81}},"line":38},"8":{"name":"(anonymous_8)","decl":{"start":{"line":68,"column":6},"end":{"line":68,"column":17}},"loc":{"start":{"line":68,"column":26},"end":{"line":68,"column":null}},"line":68},"9":{"name":"(anonymous_9)","decl":{"start":{"line":69,"column":6},"end":{"line":69,"column":17}},"loc":{"start":{"line":69,"column":32},"end":{"line":73,"column":null}},"line":69}},"branchMap":{"0":{"loc":{"start":{"line":12,"column":14},"end":{"line":12,"column":null}},"type":"cond-expr","locations":[{"start":{"line":12,"column":38},"end":{"line":12,"column":63}},{"start":{"line":12,"column":63},"end":{"line":12,"column":null}}],"line":12},"1":{"loc":{"start":{"line":22,"column":56},"end":{"line":22,"column":95}},"type":"default-arg","locations":[{"start":{"line":22,"column":74},"end":{"line":22,"column":95}}],"line":22},"2":{"loc":{"start":{"line":24,"column":4},"end":{"line":24,"column":null}},"type":"if","locations":[{"start":{"line":24,"column":4},"end":{"line":24,"column":null}},{"start":{},"end":{}}],"line":24},"3":{"loc":{"start":{"line":26,"column":4},"end":{"line":26,"column":null}},"type":"if","locations":[{"start":{"line":26,"column":4},"end":{"line":26,"column":null}},{"start":{},"end":{}}],"line":26},"4":{"loc":{"start":{"line":43,"column":2},"end":{"line":43,"column":null}},"type":"if","locations":[{"start":{"line":43,"column":2},"end":{"line":43,"column":null}},{"start":{},"end":{}}],"line":43},"5":{"loc":{"start":{"line":44,"column":2},"end":{"line":44,"column":null}},"type":"if","locations":[{"start":{"line":44,"column":2},"end":{"line":44,"column":null}},{"start":{},"end":{}}],"line":44},"6":{"loc":{"start":{"line":46,"column":15},"end":{"line":46,"column":null}},"type":"binary-expr","locations":[{"start":{"line":46,"column":15},"end":{"line":46,"column":29}},{"start":{"line":46,"column":29},"end":{"line":46,"column":null}}],"line":46},"7":{"loc":{"start":{"line":59,"column":8},"end":{"line":59,"column":null}},"type":"cond-expr","locations":[{"start":{"line":59,"column":22},"end":{"line":59,"column":56}},{"start":{"line":59,"column":56},"end":{"line":59,"column":null}}],"line":59},"8":{"loc":{"start":{"line":59,"column":22},"end":{"line":59,"column":56}},"type":"binary-expr","locations":[{"start":{"line":59,"column":22},"end":{"line":59,"column":50}},{"start":{"line":59,"column":50},"end":{"line":59,"column":56}}],"line":59},"9":{"loc":{"start":{"line":61,"column":23},"end":{"line":61,"column":null}},"type":"binary-expr","locations":[{"start":{"line":61,"column":23},"end":{"line":61,"column":35}},{"start":{"line":61,"column":35},"end":{"line":61,"column":null}}],"line":61},"10":{"loc":{"start":{"line":66,"column":20},"end":{"line":66,"column":null}},"type":"cond-expr","locations":[{"start":{"line":66,"column":33},"end":{"line":66,"column":56}},{"start":{"line":66,"column":56},"end":{"line":66,"column":null}}],"line":66},"11":{"loc":{"start":{"line":72,"column":17},"end":{"line":72,"column":43}},"type":"cond-expr","locations":[{"start":{"line":72,"column":23},"end":{"line":72,"column":37}},{"start":{"line":72,"column":37},"end":{"line":72,"column":43}}],"line":72},"12":{"loc":{"start":{"line":72,"column":43},"end":{"line":72,"column":79}},"type":"cond-expr","locations":[{"start":{"line":72,"column":49},"end":{"line":72,"column":75}},{"start":{"line":72,"column":75},"end":{"line":72,"column":79}}],"line":72}},"s":{"0":36,"1":54,"2":6,"3":12,"4":12,"5":6,"6":6,"7":2,"8":4,"9":4,"10":3,"11":1,"12":13,"13":6,"14":13,"15":13,"16":6,"17":7,"18":1,"19":6,"20":13,"21":13,"22":13,"23":1,"24":2,"25":2},"f":{"0":36,"1":54,"2":6,"3":12,"4":12,"5":6,"6":13,"7":6,"8":1,"9":2},"b":{"0":[30,24],"1":[6],"2":[2,4],"3":[3,1],"4":[6,7],"5":[1,6],"6":[6,0],"7":[2,4],"8":[2,0],"9":[13,5],"10":[2,4],"11":[1,1],"12":[1,1]},"meta":{"lastBranch":13,"lastFunction":10,"lastStatement":26,"seen":{"f:8:9:8:20":0,"s:9:2:13:Infinity":0,"f:9:20:9:25":1,"s:9:32:13:4":1,"b:12:38:12:63:12:63:12:Infinity":0,"f:17:9:17:22":2,"s:18:2:18:Infinity":2,"f:18:20:18:28":3,"s:18:34:18:55":3,"f:18:57:18:62":4,"s:18:68:18:80":4,"f:22:9:22:16":5,"b:22:74:22:95":1,"s:23:2:27:Infinity":5,"b:24:4:24:Infinity:undefined:undefined:undefined:undefined":2,"s:24:4:24:Infinity":6,"s:24:25:24:Infinity":7,"s:25:18:25:Infinity":8,"b:26:4:26:Infinity:undefined:undefined:undefined:undefined":3,"s:26:4:26:Infinity":9,"s:26:15:26:Infinity":10,"s:28:2:28:Infinity":11,"f:37:24:37:37":6,"s:38:47:38:Infinity":12,"f:38:47:38:65":7,"s:38:65:38:81":13,"s:39:34:39:Infinity":14,"b:43:2:43:Infinity:undefined:undefined:undefined:undefined":4,"s:43:2:43:Infinity":15,"s:43:15:43:Infinity":16,"b:44:2:44:Infinity:undefined:undefined:undefined:undefined":5,"s:44:2:44:Infinity":17,"s:44:13:44:Infinity":18,"s:46:15:46:Infinity":19,"b:46:15:46:29:46:29:46:Infinity":6,"s:57:18:60:Infinity":20,"b:59:22:59:56:59:56:59:Infinity":7,"b:59:22:59:50:59:50:59:56":8,"s:61:23:61:Infinity":21,"b:61:23:61:35:61:35:61:Infinity":9,"s:63:2:75:Infinity":22,"b:66:33:66:56:66:56:66:Infinity":10,"f:68:6:68:17":8,"s:68:26:68:Infinity":23,"f:69:6:69:17":9,"s:71:20:71:Infinity":24,"s:72:8:72:Infinity":25,"b:72:23:72:37:72:37:72:43":11,"b:72:49:72:75:72:75:72:79":12},"fnNames":{}}}
,"/Users/ethan.ning/Develop/workspace/b2b-wholesale-frontend/src/components/DealerTheme.tsx": {"path":"/Users/ethan.ning/Develop/workspace/b2b-wholesale-frontend/src/components/DealerTheme.tsx","statementMap":{"0":{"start":{"line":14,"column":2},"end":{"line":39,"column":null}}},"fnMap":{"0":{"name":"DealerTheme","decl":{"start":{"line":13,"column":24},"end":{"line":13,"column":36}},"loc":{"start":{"line":13,"column":75},"end":{"line":41,"column":null}},"line":13}},"branchMap":{},"s":{"0":0},"f":{"0":0},"b":{},"meta":{"lastBranch":0,"lastFunction":1,"lastStatement":1,"seen":{"f:13:24:13:36":0,"s:14:2:39:Infinity":0},"fnNames":{}}}
,"/Users/ethan.ning/Develop/workspace/b2b-wholesale-frontend/src/components/Layout.tsx": {"path":"/Users/ethan.ning/Develop/workspace/b2b-wholesale-frontend/src/components/Layout.tsx","statementMap":{"0":{"start":{"line":8,"column":36},"end":{"line":8,"column":null}},"1":{"start":{"line":9,"column":17},"end":{"line":9,"column":null}},"2":{"start":{"line":12,"column":19},"end":{"line":12,"column":31}},"3":{"start":{"line":13,"column":25},"end":{"line":13,"column":41}},"4":{"start":{"line":14,"column":27},"end":{"line":14,"column":40}},"5":{"start":{"line":17,"column":17},"end":{"line":17,"column":null}},"6":{"start":{"line":20,"column":4},"end":{"line":20,"column":null}},"7":{"start":{"line":24,"column":4},"end":{"line":24,"column":null}},"8":{"start":{"line":25,"column":4},"end":{"line":25,"column":null}},"9":{"start":{"line":28,"column":23},"end":{"line":28,"column":null}},"10":{"start":{"line":30,"column":2},"end":{"line":114,"column":null}},"11":{"start":{"line":52,"column":29},"end":{"line":52,"column":null}}},"fnMap":{"0":{"name":"Layout","decl":{"start":{"line":11,"column":24},"end":{"line":11,"column":33}},"loc":{"start":{"line":11,"column":33},"end":{"line":116,"column":null}},"line":11},"1":{"name":"handleSearch","decl":{"start":{"line":16,"column":11},"end":{"line":16,"column":24}},"loc":{"start":{"line":16,"column":39},"end":{"line":21,"column":null}},"line":16},"2":{"name":"handleLogout","decl":{"start":{"line":23,"column":11},"end":{"line":23,"column":26}},"loc":{"start":{"line":23,"column":26},"end":{"line":26,"column":null}},"line":23},"3":{"name":"(anonymous_3)","decl":{"start":{"line":52,"column":14},"end":{"line":52,"column":29}},"loc":{"start":{"line":52,"column":29},"end":{"line":52,"column":null}},"line":52}},"branchMap":{"0":{"loc":{"start":{"line":20,"column":13},"end":{"line":20,"column":71}},"type":"cond-expr","locations":[{"start":{"line":20,"column":20},"end":{"line":20,"column":62}},{"start":{"line":20,"column":62},"end":{"line":20,"column":71}}],"line":20},"1":{"loc":{"start":{"line":28,"column":23},"end":{"line":28,"column":null}},"type":"binary-expr","locations":[{"start":{"line":28,"column":23},"end":{"line":28,"column":48}},{"start":{"line":28,"column":48},"end":{"line":28,"column":null}}],"line":28}},"s":{"0":0,"1":0,"2":0,"3":0,"4":0,"5":0,"6":0,"7":0,"8":0,"9":0,"10":0,"11":0},"f":{"0":0,"1":0,"2":0,"3":0},"b":{"0":[0,0],"1":[0,0]},"meta":{"lastBranch":2,"lastFunction":4,"lastStatement":12,"seen":{"s:8:36:8:Infinity":0,"s:9:17:9:Infinity":1,"f:11:24:11:33":0,"s:12:19:12:31":2,"s:13:25:13:41":3,"s:14:27:14:40":4,"f:16:11:16:24":1,"s:17:17:17:Infinity":5,"s:20:4:20:Infinity":6,"b:20:20:20:62:20:62:20:71":0,"f:23:11:23:26":2,"s:24:4:24:Infinity":7,"s:25:4:25:Infinity":8,"s:28:23:28:Infinity":9,"b:28:23:28:48:28:48:28:Infinity":1,"s:30:2:114:Infinity":10,"f:52:14:52:29":3,"s:52:29:52:Infinity":11},"fnNames":{}}}
,"/Users/ethan.ning/Develop/workspace/b2b-wholesale-frontend/src/components/MoneyInput.tsx": {"path":"/Users/ethan.ning/Develop/workspace/b2b-wholesale-frontend/src/components/MoneyInput.tsx","statementMap":{"0":{"start":{"line":11,"column":21},"end":{"line":14,"column":null}},"1":{"start":{"line":39,"column":4},"end":{"line":39,"column":null}},"2":{"start":{"line":39,"column":71},"end":{"line":39,"column":null}},"3":{"start":{"line":41,"column":4},"end":{"line":41,"column":null}},"4":{"start":{"line":41,"column":60},"end":{"line":41,"column":null}},"5":{"start":{"line":45,"column":17},"end":{"line":45,"column":null}},"6":{"start":{"line":46,"column":4},"end":{"line":46,"column":null}},"7":{"start":{"line":46,"column":41},"end":{"line":46,"column":null}},"8":{"start":{"line":49,"column":2},"end":{"line":63,"column":null}}},"fnMap":{"0":{"name":"MoneyInput","decl":{"start":{"line":37,"column":24},"end":{"line":37,"column":35}},"loc":{"start":{"line":37,"column":79},"end":{"line":65,"column":null}},"line":37},"1":{"name":"onKeyDownCapture","decl":{"start":{"line":38,"column":11},"end":{"line":38,"column":28}},"loc":{"start":{"line":38,"column":67},"end":{"line":42,"column":null}},"line":38},"2":{"name":"onPasteCapture","decl":{"start":{"line":44,"column":11},"end":{"line":44,"column":26}},"loc":{"start":{"line":44,"column":66},"end":{"line":47,"column":null}},"line":44}},"branchMap":{"0":{"loc":{"start":{"line":37,"column":37},"end":{"line":37,"column":53}},"type":"default-arg","locations":[{"start":{"line":37,"column":48},"end":{"line":37,"column":53}}],"line":37},"1":{"loc":{"start":{"line":39,"column":4},"end":{"line":39,"column":null}},"type":"if","locations":[{"start":{"line":39,"column":4},"end":{"line":39,"column":null}},{"start":{},"end":{}}],"line":39},"2":{"loc":{"start":{"line":39,"column":8},"end":{"line":39,"column":71}},"type":"binary-expr","locations":[{"start":{"line":39,"column":8},"end":{"line":39,"column":25}},{"start":{"line":39,"column":25},"end":{"line":39,"column":42}},{"start":{"line":39,"column":42},"end":{"line":39,"column":71}}],"line":39},"3":{"loc":{"start":{"line":41,"column":4},"end":{"line":41,"column":null}},"type":"if","locations":[{"start":{"line":41,"column":4},"end":{"line":41,"column":null}},{"start":{},"end":{}}],"line":41},"4":{"loc":{"start":{"line":41,"column":8},"end":{"line":41,"column":60}},"type":"binary-expr","locations":[{"start":{"line":41,"column":8},"end":{"line":41,"column":34}},{"start":{"line":41,"column":34},"end":{"line":41,"column":60}}],"line":41},"5":{"loc":{"start":{"line":46,"column":4},"end":{"line":46,"column":null}},"type":"if","locations":[{"start":{"line":46,"column":4},"end":{"line":46,"column":null}},{"start":{},"end":{}}],"line":46}},"s":{"0":1,"1":27,"2":2,"3":25,"4":8,"5":2,"6":2,"7":1,"8":24},"f":{"0":24,"1":27,"2":2},"b":{"0":[24],"1":[2,25],"2":[27,27,27],"3":[8,17],"4":[25,25],"5":[1,1]},"meta":{"lastBranch":6,"lastFunction":3,"lastStatement":9,"seen":{"s:11:21:14:Infinity":0,"f:37:24:37:35":0,"b:37:48:37:53":0,"f:38:11:38:28":1,"b:39:4:39:Infinity:undefined:undefined:undefined:undefined":1,"s:39:4:39:Infinity":1,"b:39:8:39:25:39:25:39:42:39:42:39:71":2,"s:39:71:39:Infinity":2,"b:41:4:41:Infinity:undefined:undefined:undefined:undefined":3,"s:41:4:41:Infinity":3,"b:41:8:41:34:41:34:41:60":4,"s:41:60:41:Infinity":4,"f:44:11:44:26":2,"s:45:17:45:Infinity":5,"b:46:4:46:Infinity:undefined:undefined:undefined:undefined":5,"s:46:4:46:Infinity":6,"s:46:41:46:Infinity":7,"s:49:2:63:Infinity":8},"fnNames":{}}}
,"/Users/ethan.ning/Develop/workspace/b2b-wholesale-frontend/src/components/PageState.tsx": {"path":"/Users/ethan.ning/Develop/workspace/b2b-wholesale-frontend/src/components/PageState.tsx","statementMap":{"0":{"start":{"line":11,"column":2},"end":{"line":14,"column":null}},"1":{"start":{"line":19,"column":2},"end":{"line":19,"column":null}}},"fnMap":{"0":{"name":"PageLoading","decl":{"start":{"line":10,"column":16},"end":{"line":10,"column":30}},"loc":{"start":{"line":10,"column":30},"end":{"line":16,"column":null}},"line":10},"1":{"name":"PageError","decl":{"start":{"line":18,"column":16},"end":{"line":18,"column":26}},"loc":{"start":{"line":18,"column":60},"end":{"line":20,"column":null}},"line":18}},"branchMap":{},"s":{"0":0,"1":0},"f":{"0":0,"1":0},"b":{},"meta":{"lastBranch":0,"lastFunction":2,"lastStatement":2,"seen":{"f:10:16:10:30":0,"s:11:2:14:Infinity":0,"f:18:16:18:26":1,"s:19:2:19:Infinity":1},"fnNames":{}}}
,"/Users/ethan.ning/Develop/workspace/b2b-wholesale-frontend/src/components/PriceRangeFilter.tsx": {"path":"/Users/ethan.ning/Develop/workspace/b2b-wholesale-frontend/src/components/PriceRangeFilter.tsx","statementMap":{"0":{"start":{"line":5,"column":17},"end":{"line":5,"column":null}},"1":{"start":{"line":24,"column":24},"end":{"line":24,"column":null}},"2":{"start":{"line":25,"column":24},"end":{"line":25,"column":null}},"3":{"start":{"line":29,"column":32},"end":{"line":29,"column":null}},"4":{"start":{"line":30,"column":2},"end":{"line":34,"column":null}},"5":{"start":{"line":31,"column":4},"end":{"line":31,"column":null}},"6":{"start":{"line":32,"column":4},"end":{"line":32,"column":null}},"7":{"start":{"line":33,"column":4},"end":{"line":33,"column":null}},"8":{"start":{"line":36,"column":20},"end":{"line":36,"column":null}},"9":{"start":{"line":37,"column":18},"end":{"line":37,"column":null}},"10":{"start":{"line":40,"column":4},"end":{"line":40,"column":null}},"11":{"start":{"line":44,"column":4},"end":{"line":44,"column":null}},"12":{"start":{"line":45,"column":4},"end":{"line":45,"column":null}},"13":{"start":{"line":46,"column":4},"end":{"line":46,"column":null}},"14":{"start":{"line":49,"column":2},"end":{"line":83,"column":null}},"15":{"start":{"line":61,"column":25},"end":{"line":61,"column":null}},"16":{"start":{"line":70,"column":25},"end":{"line":70,"column":null}}},"fnMap":{"0":{"name":"PriceRangeFilter","decl":{"start":{"line":22,"column":24},"end":{"line":22,"column":41}},"loc":{"start":{"line":22,"column":81},"end":{"line":85,"column":null}},"line":22},"1":{"name":"handleApply","decl":{"start":{"line":39,"column":11},"end":{"line":39,"column":25}},"loc":{"start":{"line":39,"column":25},"end":{"line":41,"column":null}},"line":39},"2":{"name":"handleClear","decl":{"start":{"line":43,"column":11},"end":{"line":43,"column":25}},"loc":{"start":{"line":43,"column":25},"end":{"line":47,"column":null}},"line":43},"3":{"name":"(anonymous_3)","decl":{"start":{"line":61,"column":8},"end":{"line":61,"column":19}},"loc":{"start":{"line":61,"column":25},"end":{"line":61,"column":null}},"line":61},"4":{"name":"(anonymous_4)","decl":{"start":{"line":70,"column":8},"end":{"line":70,"column":19}},"loc":{"start":{"line":70,"column":25},"end":{"line":70,"column":null}},"line":70}},"branchMap":{"0":{"loc":{"start":{"line":30,"column":2},"end":{"line":34,"column":null}},"type":"if","locations":[{"start":{"line":30,"column":2},"end":{"line":34,"column":null}},{"start":{},"end":{}}],"line":30},"1":{"loc":{"start":{"line":30,"column":6},"end":{"line":30,"column":58}},"type":"binary-expr","locations":[{"start":{"line":30,"column":6},"end":{"line":30,"column":33}},{"start":{"line":30,"column":33},"end":{"line":30,"column":58}}],"line":30},"2":{"loc":{"start":{"line":36,"column":20},"end":{"line":36,"column":null}},"type":"binary-expr","locations":[{"start":{"line":36,"column":20},"end":{"line":36,"column":46}},{"start":{"line":36,"column":46},"end":{"line":36,"column":null}}],"line":36},"3":{"loc":{"start":{"line":37,"column":18},"end":{"line":37,"column":null}},"type":"binary-expr","locations":[{"start":{"line":37,"column":18},"end":{"line":37,"column":38}},{"start":{"line":37,"column":38},"end":{"line":37,"column":null}}],"line":37},"4":{"loc":{"start":{"line":61,"column":32},"end":{"line":61,"column":46}},"type":"binary-expr","locations":[{"start":{"line":61,"column":32},"end":{"line":61,"column":37}},{"start":{"line":61,"column":37},"end":{"line":61,"column":46}}],"line":61},"5":{"loc":{"start":{"line":70,"column":32},"end":{"line":70,"column":46}},"type":"binary-expr","locations":[{"start":{"line":70,"column":32},"end":{"line":70,"column":37}},{"start":{"line":70,"column":37},"end":{"line":70,"column":46}}],"line":70},"6":{"loc":{"start":{"line":78,"column":7},"end":{"line":81,"column":null}},"type":"binary-expr","locations":[{"start":{"line":78,"column":7},"end":{"line":78,"column":null}},{"start":{"line":79,"column":8},"end":{"line":81,"column":null}}],"line":78}},"s":{"0":0,"1":0,"2":0,"3":0,"4":0,"5":0,"6":0,"7":0,"8":0,"9":0,"10":0,"11":0,"12":0,"13":0,"14":0,"15":0,"16":0},"f":{"0":0,"1":0,"2":0,"3":0,"4":0},"b":{"0":[0,0],"1":[0,0],"2":[0,0],"3":[0,0],"4":[0,0],"5":[0,0],"6":[0,0]},"meta":{"lastBranch":7,"lastFunction":5,"lastStatement":17,"seen":{"s:5:17:5:Infinity":0,"f:22:24:22:41":0,"s:24:24:24:Infinity":1,"s:25:24:25:Infinity":2,"s:29:32:29:Infinity":3,"b:30:2:34:Infinity:undefined:undefined:undefined:undefined":0,"s:30:2:34:Infinity":4,"b:30:6:30:33:30:33:30:58":1,"s:31:4:31:Infinity":5,"s:32:4:32:Infinity":6,"s:33:4:33:Infinity":7,"s:36:20:36:Infinity":8,"b:36:20:36:46:36:46:36:Infinity":2,"s:37:18:37:Infinity":9,"b:37:18:37:38:37:38:37:Infinity":3,"f:39:11:39:25":1,"s:40:4:40:Infinity":10,"f:43:11:43:25":2,"s:44:4:44:Infinity":11,"s:45:4:45:Infinity":12,"s:46:4:46:Infinity":13,"s:49:2:83:Infinity":14,"f:61:8:61:19":3,"s:61:25:61:Infinity":15,"b:61:32:61:37:61:37:61:46":4,"f:70:8:70:19":4,"s:70:25:70:Infinity":16,"b:70:32:70:37:70:37:70:46":5,"b:78:7:78:Infinity:79:8:81:Infinity":6},"fnNames":{}}}
,"/Users/ethan.ning/Develop/workspace/b2b-wholesale-frontend/src/components/ProductCard.tsx": {"path":"/Users/ethan.ning/Develop/workspace/b2b-wholesale-frontend/src/components/ProductCard.tsx","statementMap":{"0":{"start":{"line":8,"column":17},"end":{"line":8,"column":null}},"1":{"start":{"line":24,"column":23},"end":{"line":24,"column":null}},"2":{"start":{"line":24,"column":58},"end":{"line":24,"column":83}},"3":{"start":{"line":25,"column":19},"end":{"line":25,"column":null}},"4":{"start":{"line":25,"column":48},"end":{"line":25,"column":78}},"5":{"start":{"line":26,"column":25},"end":{"line":26,"column":null}},"6":{"start":{"line":26,"column":61},"end":{"line":26,"column":95}},"7":{"start":{"line":28,"column":21},"end":{"line":28,"column":null}},"8":{"start":{"line":28,"column":66},"end":{"line":28,"column":77}},"9":{"start":{"line":30,"column":2},"end":{"line":112,"column":null}}},"fnMap":{"0":{"name":"ProductCard","decl":{"start":{"line":23,"column":24},"end":{"line":23,"column":36}},"loc":{"start":{"line":23,"column":56},"end":{"line":114,"column":null}},"line":23},"1":{"name":"(anonymous_1)","decl":{"start":{"line":24,"column":43},"end":{"line":24,"column":49}},"loc":{"start":{"line":24,"column":58},"end":{"line":24,"column":83}},"line":24},"2":{"name":"(anonymous_2)","decl":{"start":{"line":25,"column":36},"end":{"line":25,"column":42}},"loc":{"start":{"line":25,"column":48},"end":{"line":25,"column":78}},"line":25},"3":{"name":"(anonymous_3)","decl":{"start":{"line":26,"column":42},"end":{"line":26,"column":50}},"loc":{"start":{"line":26,"column":61},"end":{"line":26,"column":95}},"line":26},"4":{"name":"(anonymous_4)","decl":{"start":{"line":28,"column":55},"end":{"line":28,"column":60}},"loc":{"start":{"line":28,"column":66},"end":{"line":28,"column":77}},"line":28}},"branchMap":{"0":{"loc":{"start":{"line":52,"column":11},"end":{"line":61,"column":null}},"type":"cond-expr","locations":[{"start":{"line":53,"column":12},"end":{"line":59,"column":13}},{"start":{"line":59,"column":12},"end":{"line":61,"column":null}}],"line":52},"1":{"loc":{"start":{"line":55,"column":19},"end":{"line":55,"column":null}},"type":"binary-expr","locations":[{"start":{"line":55,"column":19},"end":{"line":55,"column":43}},{"start":{"line":55,"column":43},"end":{"line":55,"column":null}}],"line":55},"2":{"loc":{"start":{"line":77,"column":13},"end":{"line":80,"column":null}},"type":"binary-expr","locations":[{"start":{"line":77,"column":13},"end":{"line":77,"column":null}},{"start":{"line":78,"column":14},"end":{"line":80,"column":null}}],"line":77},"3":{"loc":{"start":{"line":82,"column":13},"end":{"line":85,"column":null}},"type":"binary-expr","locations":[{"start":{"line":82,"column":13},"end":{"line":82,"column":null}},{"start":{"line":83,"column":14},"end":{"line":85,"column":null}}],"line":82},"4":{"loc":{"start":{"line":88,"column":41},"end":{"line":88,"column":null}},"type":"cond-expr","locations":[{"start":{"line":88,"column":73},"end":{"line":88,"column":81}},{"start":{"line":88,"column":81},"end":{"line":88,"column":null}}],"line":88},"5":{"loc":{"start":{"line":90,"column":13},"end":{"line":95,"column":null}},"type":"cond-expr","locations":[{"start":{"line":91,"column":14},"end":{"line":93,"column":15}},{"start":{"line":93,"column":14},"end":{"line":95,"column":null}}],"line":90}},"s":{"0":0,"1":0,"2":0,"3":0,"4":0,"5":0,"6":0,"7":0,"8":0,"9":0},"f":{"0":0,"1":0,"2":0,"3":0,"4":0},"b":{"0":[0,0],"1":[0,0],"2":[0,0],"3":[0,0],"4":[0,0],"5":[0,0]},"meta":{"lastBranch":6,"lastFunction":5,"lastStatement":10,"seen":{"s:8:17:8:Infinity":0,"f:23:24:23:36":0,"s:24:23:24:Infinity":1,"f:24:43:24:49":1,"s:24:58:24:83":2,"s:25:19:25:Infinity":3,"f:25:36:25:42":2,"s:25:48:25:78":4,"s:26:25:26:Infinity":5,"f:26:42:26:50":3,"s:26:61:26:95":6,"s:28:21:28:Infinity":7,"f:28:55:28:60":4,"s:28:66:28:77":8,"s:30:2:112:Infinity":9,"b:53:12:59:13:59:12:61:Infinity":0,"b:55:19:55:43:55:43:55:Infinity":1,"b:77:13:77:Infinity:78:14:80:Infinity":2,"b:82:13:82:Infinity:83:14:85:Infinity":3,"b:88:73:88:81:88:81:88:Infinity":4,"b:91:14:93:15:93:14:95:Infinity":5},"fnNames":{}}}
,"/Users/ethan.ning/Develop/workspace/b2b-wholesale-frontend/src/components/ProtectedRoute.tsx": {"path":"/Users/ethan.ning/Develop/workspace/b2b-wholesale-frontend/src/components/ProtectedRoute.tsx","statementMap":{"0":{"start":{"line":5,"column":16},"end":{"line":5,"column":null}},"1":{"start":{"line":5,"column":36},"end":{"line":5,"column":43}},"2":{"start":{"line":6,"column":15},"end":{"line":6,"column":null}},"3":{"start":{"line":6,"column":35},"end":{"line":6,"column":41}},"4":{"start":{"line":7,"column":19},"end":{"line":7,"column":31}},"5":{"start":{"line":9,"column":2},"end":{"line":9,"column":null}},"6":{"start":{"line":9,"column":14},"end":{"line":9,"column":null}},"7":{"start":{"line":16,"column":2},"end":{"line":18,"column":null}},"8":{"start":{"line":17,"column":4},"end":{"line":17,"column":null}},"9":{"start":{"line":20,"column":2},"end":{"line":20,"column":null}}},"fnMap":{"0":{"name":"ProtectedRoute","decl":{"start":{"line":4,"column":24},"end":{"line":4,"column":41}},"loc":{"start":{"line":4,"column":41},"end":{"line":21,"column":null}},"line":4},"1":{"name":"(anonymous_1)","decl":{"start":{"line":5,"column":16},"end":{"line":5,"column":30}},"loc":{"start":{"line":5,"column":36},"end":{"line":5,"column":43}},"line":5},"2":{"name":"(anonymous_2)","decl":{"start":{"line":6,"column":15},"end":{"line":6,"column":29}},"loc":{"start":{"line":6,"column":35},"end":{"line":6,"column":41}},"line":6}},"branchMap":{"0":{"loc":{"start":{"line":9,"column":2},"end":{"line":9,"column":null}},"type":"if","locations":[{"start":{"line":9,"column":2},"end":{"line":9,"column":null}},{"start":{},"end":{}}],"line":9},"1":{"loc":{"start":{"line":16,"column":2},"end":{"line":18,"column":null}},"type":"if","locations":[{"start":{"line":16,"column":2},"end":{"line":18,"column":null}},{"start":{},"end":{}}],"line":16},"2":{"loc":{"start":{"line":16,"column":6},"end":{"line":16,"column":76}},"type":"binary-expr","locations":[{"start":{"line":16,"column":6},"end":{"line":16,"column":34}},{"start":{"line":16,"column":34},"end":{"line":16,"column":76}}],"line":16}},"s":{"0":0,"1":0,"2":0,"3":0,"4":0,"5":0,"6":0,"7":0,"8":0,"9":0},"f":{"0":0,"1":0,"2":0},"b":{"0":[0,0],"1":[0,0],"2":[0,0]},"meta":{"lastBranch":3,"lastFunction":3,"lastStatement":10,"seen":{"f:4:24:4:41":0,"s:5:16:5:Infinity":0,"f:5:16:5:30":1,"s:5:36:5:43":1,"s:6:15:6:Infinity":2,"f:6:15:6:29":2,"s:6:35:6:41":3,"s:7:19:7:31":4,"b:9:2:9:Infinity:undefined:undefined:undefined:undefined":0,"s:9:2:9:Infinity":5,"s:9:14:9:Infinity":6,"b:16:2:18:Infinity:undefined:undefined:undefined:undefined":1,"s:16:2:18:Infinity":7,"b:16:6:16:34:16:34:16:76":2,"s:17:4:17:Infinity":8,"s:20:2:20:Infinity":9},"fnNames":{}}}
,"/Users/ethan.ning/Develop/workspace/b2b-wholesale-frontend/src/components/SkuTable.tsx": {"path":"/Users/ethan.ning/Develop/workspace/b2b-wholesale-frontend/src/components/SkuTable.tsx","statementMap":{"0":{"start":{"line":15,"column":40},"end":{"line":95,"column":null}},"1":{"start":{"line":20,"column":31},"end":{"line":20,"column":null}},"2":{"start":{"line":28,"column":52},"end":{"line":28,"column":null}},"3":{"start":{"line":38,"column":8},"end":{"line":43,"column":null}},"4":{"start":{"line":53,"column":8},"end":{"line":63,"column":null}},"5":{"start":{"line":71,"column":42},"end":{"line":71,"column":null}},"6":{"start":{"line":79,"column":8},"end":{"line":82,"column":null}},"7":{"start":{"line":91,"column":44},"end":{"line":91,"column":null}},"8":{"start":{"line":97,"column":2},"end":{"line":105,"column":null}}},"fnMap":{"0":{"name":"SkuTable","decl":{"start":{"line":14,"column":24},"end":{"line":14,"column":33}},"loc":{"start":{"line":14,"column":84},"end":{"line":107,"column":null}},"line":14},"1":{"name":"(anonymous_1)","decl":{"start":{"line":20,"column":6},"end":{"line":20,"column":15}},"loc":{"start":{"line":20,"column":31},"end":{"line":20,"column":null}},"line":20},"2":{"name":"(anonymous_2)","decl":{"start":{"line":28,"column":6},"end":{"line":28,"column":15}},"loc":{"start":{"line":28,"column":52},"end":{"line":28,"column":null}},"line":28},"3":{"name":"(anonymous_3)","decl":{"start":{"line":37,"column":6},"end":{"line":37,"column":15}},"loc":{"start":{"line":38,"column":8},"end":{"line":43,"column":null}},"line":38},"4":{"name":"(anonymous_4)","decl":{"start":{"line":52,"column":6},"end":{"line":52,"column":15}},"loc":{"start":{"line":53,"column":8},"end":{"line":63,"column":null}},"line":53},"5":{"name":"(anonymous_5)","decl":{"start":{"line":71,"column":6},"end":{"line":71,"column":15}},"loc":{"start":{"line":71,"column":42},"end":{"line":71,"column":null}},"line":71},"6":{"name":"(anonymous_6)","decl":{"start":{"line":78,"column":6},"end":{"line":78,"column":15}},"loc":{"start":{"line":79,"column":8},"end":{"line":82,"column":null}},"line":79},"7":{"name":"(anonymous_7)","decl":{"start":{"line":91,"column":12},"end":{"line":91,"column":21}},"loc":{"start":{"line":91,"column":44},"end":{"line":91,"column":null}},"line":91}},"branchMap":{"0":{"loc":{"start":{"line":14,"column":58},"end":{"line":14,"column":84}},"type":"default-arg","locations":[{"start":{"line":14,"column":68},"end":{"line":14,"column":84}}],"line":14},"1":{"loc":{"start":{"line":23,"column":13},"end":{"line":23,"column":null}},"type":"binary-expr","locations":[{"start":{"line":23,"column":13},"end":{"line":23,"column":28}},{"start":{"line":23,"column":28},"end":{"line":23,"column":null}}],"line":23},"2":{"loc":{"start":{"line":28,"column":52},"end":{"line":28,"column":null}},"type":"binary-expr","locations":[{"start":{"line":28,"column":52},"end":{"line":28,"column":61}},{"start":{"line":28,"column":61},"end":{"line":28,"column":null}}],"line":28},"3":{"loc":{"start":{"line":40,"column":11},"end":{"line":43,"column":null}},"type":"binary-expr","locations":[{"start":{"line":40,"column":11},"end":{"line":40,"column":null}},{"start":{"line":41,"column":12},"end":{"line":43,"column":null}}],"line":40},"4":{"loc":{"start":{"line":53,"column":8},"end":{"line":63,"column":null}},"type":"cond-expr","locations":[{"start":{"line":54,"column":10},"end":{"line":56,"column":null}},{"start":{"line":56,"column":10},"end":{"line":63,"column":null}}],"line":53},"5":{"loc":{"start":{"line":58,"column":13},"end":{"line":63,"column":null}},"type":"binary-expr","locations":[{"start":{"line":58,"column":13},"end":{"line":58,"column":null}},{"start":{"line":59,"column":14},"end":{"line":63,"column":null}}],"line":58},"6":{"loc":{"start":{"line":79,"column":8},"end":{"line":82,"column":null}},"type":"cond-expr","locations":[{"start":{"line":80,"column":10},"end":{"line":82,"column":11}},{"start":{"line":82,"column":10},"end":{"line":82,"column":null}}],"line":79},"7":{"loc":{"start":{"line":85,"column":8},"end":{"line":94,"column":null}},"type":"cond-expr","locations":[{"start":{"line":86,"column":8},"end":{"line":93,"column":null}},{"start":{"line":94,"column":8},"end":{"line":94,"column":null}}],"line":85},"8":{"loc":{"start":{"line":91,"column":44},"end":{"line":91,"column":null}},"type":"binary-expr","locations":[{"start":{"line":91,"column":44},"end":{"line":91,"column":51}},{"start":{"line":91,"column":51},"end":{"line":91,"column":null}}],"line":91},"9":{"loc":{"start":{"line":104,"column":26},"end":{"line":104,"column":42}},"type":"cond-expr","locations":[{"start":{"line":104,"column":36},"end":{"line":104,"column":40}},{"start":{"line":104,"column":40},"end":{"line":104,"column":42}}],"line":104}},"s":{"0":0,"1":0,"2":0,"3":0,"4":0,"5":0,"6":0,"7":0,"8":0},"f":{"0":0,"1":0,"2":0,"3":0,"4":0,"5":0,"6":0,"7":0},"b":{"0":[0],"1":[0,0],"2":[0,0],"3":[0,0],"4":[0,0],"5":[0,0],"6":[0,0],"7":[0,0],"8":[0,0],"9":[0,0]},"meta":{"lastBranch":10,"lastFunction":8,"lastStatement":9,"seen":{"f:14:24:14:33":0,"b:14:68:14:84":0,"s:15:40:95:Infinity":0,"f:20:6:20:15":1,"s:20:31:20:Infinity":1,"b:23:13:23:28:23:28:23:Infinity":1,"f:28:6:28:15":2,"s:28:52:28:Infinity":2,"b:28:52:28:61:28:61:28:Infinity":2,"f:37:6:37:15":3,"s:38:8:43:Infinity":3,"b:40:11:40:Infinity:41:12:43:Infinity":3,"f:52:6:52:15":4,"s:53:8:63:Infinity":4,"b:54:10:56:Infinity:56:10:63:Infinity":4,"b:58:13:58:Infinity:59:14:63:Infinity":5,"f:71:6:71:15":5,"s:71:42:71:Infinity":5,"f:78:6:78:15":6,"s:79:8:82:Infinity":6,"b:80:10:82:11:82:10:82:Infinity":6,"b:86:8:93:Infinity:94:8:94:Infinity":7,"f:91:12:91:21":7,"s:91:44:91:Infinity":7,"b:91:44:91:51:91:51:91:Infinity":8,"s:97:2:105:Infinity":8,"b:104:36:104:40:104:40:104:42":9},"fnNames":{}}}
,"/Users/ethan.ning/Develop/workspace/b2b-wholesale-frontend/src/components/StockBadge.tsx": {"path":"/Users/ethan.ning/Develop/workspace/b2b-wholesale-frontend/src/components/StockBadge.tsx","statementMap":{"0":{"start":{"line":12,"column":2},"end":{"line":12,"column":null}},"1":{"start":{"line":12,"column":17},"end":{"line":12,"column":null}},"2":{"start":{"line":13,"column":2},"end":{"line":13,"column":null}}},"fnMap":{"0":{"name":"StockBadge","decl":{"start":{"line":11,"column":16},"end":{"line":11,"column":27}},"loc":{"start":{"line":11,"column":72},"end":{"line":14,"column":null}},"line":11}},"branchMap":{"0":{"loc":{"start":{"line":12,"column":2},"end":{"line":12,"column":null}},"type":"if","locations":[{"start":{"line":12,"column":2},"end":{"line":12,"column":null}},{"start":{},"end":{}}],"line":12},"1":{"loc":{"start":{"line":13,"column":23},"end":{"line":13,"column":49}},"type":"cond-expr","locations":[{"start":{"line":13,"column":29},"end":{"line":13,"column":40}},{"start":{"line":13,"column":40},"end":{"line":13,"column":49}}],"line":13}},"s":{"0":0,"1":0,"2":0},"f":{"0":0},"b":{"0":[0,0],"1":[0,0]},"meta":{"lastBranch":2,"lastFunction":1,"lastStatement":3,"seen":{"f:11:16:11:27":0,"b:12:2:12:Infinity:undefined:undefined:undefined:undefined":0,"s:12:2:12:Infinity":0,"s:12:17:12:Infinity":1,"s:13:2:13:Infinity":2,"b:13:29:13:40:13:40:13:49":1},"fnNames":{}}}
,"/Users/ethan.ning/Develop/workspace/b2b-wholesale-frontend/src/components/admin/AdminLayout.tsx": {"path":"/Users/ethan.ning/Develop/workspace/b2b-wholesale-frontend/src/components/admin/AdminLayout.tsx","statementMap":{"0":{"start":{"line":19,"column":35},"end":{"line":19,"column":null}},"1":{"start":{"line":20,"column":17},"end":{"line":20,"column":null}},"2":{"start":{"line":22,"column":18},"end":{"line":22,"column":null}},"3":{"start":{"line":25,"column":18},"end":{"line":29,"column":null}},"4":{"start":{"line":32,"column":17},"end":{"line":35,"column":null}},"5":{"start":{"line":41,"column":13},"end":{"line":41,"column":null}},"6":{"start":{"line":43,"column":15},"end":{"line":43,"column":null}},"7":{"start":{"line":45,"column":19},"end":{"line":45,"column":null}},"8":{"start":{"line":46,"column":21},"end":{"line":46,"column":null}},"9":{"start":{"line":49,"column":36},"end":{"line":49,"column":null}},"10":{"start":{"line":50,"column":19},"end":{"line":50,"column":31}},"11":{"start":{"line":51,"column":19},"end":{"line":51,"column":31}},"12":{"start":{"line":52,"column":33},"end":{"line":52,"column":51}},"13":{"start":{"line":60,"column":4},"end":{"line":63,"column":null}},"14":{"start":{"line":62,"column":29},"end":{"line":62,"column":86}},"15":{"start":{"line":63,"column":26},"end":{"line":63,"column":53}},"16":{"start":{"line":65,"column":18},"end":{"line":65,"column":null}},"17":{"start":{"line":68,"column":4},"end":{"line":68,"column":null}},"18":{"start":{"line":69,"column":4},"end":{"line":69,"column":null}},"19":{"start":{"line":74,"column":20},"end":{"line":81,"column":null}},"20":{"start":{"line":83,"column":2},"end":{"line":226,"column":null}},"21":{"start":{"line":145,"column":36},"end":{"line":145,"column":null}},"22":{"start":{"line":167,"column":31},"end":{"line":167,"column":null}},"23":{"start":{"line":210,"column":31},"end":{"line":210,"column":null}}},"fnMap":{"0":{"name":"AdminLayout","decl":{"start":{"line":48,"column":24},"end":{"line":48,"column":38}},"loc":{"start":{"line":48,"column":38},"end":{"line":228,"column":null}},"line":48},"1":{"name":"(anonymous_1)","decl":{"start":{"line":62,"column":15},"end":{"line":62,"column":23}},"loc":{"start":{"line":62,"column":29},"end":{"line":62,"column":86}},"line":62},"2":{"name":"(anonymous_2)","decl":{"start":{"line":63,"column":11},"end":{"line":63,"column":17}},"loc":{"start":{"line":63,"column":26},"end":{"line":63,"column":53}},"line":63},"3":{"name":"handleLogout","decl":{"start":{"line":67,"column":11},"end":{"line":67,"column":26}},"loc":{"start":{"line":67,"column":26},"end":{"line":70,"column":null}},"line":67},"4":{"name":"(anonymous_4)","decl":{"start":{"line":145,"column":14},"end":{"line":145,"column":24}},"loc":{"start":{"line":145,"column":36},"end":{"line":145,"column":null}},"line":145},"5":{"name":"(anonymous_5)","decl":{"start":{"line":167,"column":16},"end":{"line":167,"column":31}},"loc":{"start":{"line":167,"column":31},"end":{"line":167,"column":null}},"line":167},"6":{"name":"(anonymous_6)","decl":{"start":{"line":210,"column":16},"end":{"line":210,"column":31}},"loc":{"start":{"line":210,"column":31},"end":{"line":210,"column":null}},"line":210}},"branchMap":{"0":{"loc":{"start":{"line":60,"column":4},"end":{"line":63,"column":null}},"type":"cond-expr","locations":[{"start":{"line":61,"column":8},"end":{"line":61,"column":null}},{"start":{"line":62,"column":8},"end":{"line":63,"column":null}}],"line":60},"1":{"loc":{"start":{"line":62,"column":29},"end":{"line":62,"column":86}},"type":"binary-expr","locations":[{"start":{"line":62,"column":29},"end":{"line":62,"column":51}},{"start":{"line":62,"column":51},"end":{"line":62,"column":86}}],"line":62},"2":{"loc":{"start":{"line":74,"column":20},"end":{"line":81,"column":null}},"type":"cond-expr","locations":[{"start":{"line":75,"column":6},"end":{"line":75,"column":null}},{"start":{"line":76,"column":6},"end":{"line":81,"column":null}}],"line":74},"3":{"loc":{"start":{"line":120,"column":30},"end":{"line":120,"column":null}},"type":"cond-expr","locations":[{"start":{"line":120,"column":42},"end":{"line":120,"column":53}},{"start":{"line":120,"column":53},"end":{"line":120,"column":null}}],"line":120},"4":{"loc":{"start":{"line":121,"column":23},"end":{"line":121,"column":null}},"type":"cond-expr","locations":[{"start":{"line":121,"column":35},"end":{"line":121,"column":39}},{"start":{"line":121,"column":39},"end":{"line":121,"column":null}}],"line":121},"5":{"loc":{"start":{"line":128,"column":13},"end":{"line":136,"column":null}},"type":"binary-expr","locations":[{"start":{"line":128,"column":13},"end":{"line":128,"column":null}},{"start":{"line":129,"column":14},"end":{"line":136,"column":null}}],"line":128},"6":{"loc":{"start":{"line":143,"column":28},"end":{"line":143,"column":null}},"type":"cond-expr","locations":[{"start":{"line":143,"column":42},"end":{"line":143,"column":58}},{"start":{"line":143,"column":58},"end":{"line":143,"column":null}}],"line":143},"7":{"loc":{"start":{"line":162,"column":28},"end":{"line":162,"column":70}},"type":"cond-expr","locations":[{"start":{"line":162,"column":40},"end":{"line":162,"column":59}},{"start":{"line":162,"column":59},"end":{"line":162,"column":70}}],"line":162},"8":{"loc":{"start":{"line":166,"column":28},"end":{"line":166,"column":null}},"type":"cond-expr","locations":[{"start":{"line":166,"column":40},"end":{"line":166,"column":59}},{"start":{"line":166,"column":59},"end":{"line":166,"column":null}}],"line":166},"9":{"loc":{"start":{"line":168,"column":22},"end":{"line":168,"column":null}},"type":"cond-expr","locations":[{"start":{"line":168,"column":34},"end":{"line":168,"column":60}},{"start":{"line":168,"column":59},"end":{"line":168,"column":null}}],"line":168},"10":{"loc":{"start":{"line":174,"column":34},"end":{"line":174,"column":null}},"type":"cond-expr","locations":[{"start":{"line":174,"column":46},"end":{"line":174,"column":57}},{"start":{"line":174,"column":57},"end":{"line":174,"column":null}}],"line":174},"11":{"loc":{"start":{"line":176,"column":33},"end":{"line":176,"column":null}},"type":"cond-expr","locations":[{"start":{"line":176,"column":45},"end":{"line":176,"column":49}},{"start":{"line":176,"column":49},"end":{"line":176,"column":null}}],"line":176},"12":{"loc":{"start":{"line":179,"column":17},"end":{"line":179,"column":null}},"type":"binary-expr","locations":[{"start":{"line":179,"column":17},"end":{"line":179,"column":31}},{"start":{"line":179,"column":31},"end":{"line":179,"column":null}}],"line":179},"13":{"loc":{"start":{"line":202,"column":23},"end":{"line":202,"column":null}},"type":"cond-expr","locations":[{"start":{"line":202,"column":33},"end":{"line":202,"column":44}},{"start":{"line":202,"column":44},"end":{"line":202,"column":null}}],"line":202},"14":{"loc":{"start":{"line":205,"column":17},"end":{"line":205,"column":null}},"type":"cond-expr","locations":[{"start":{"line":205,"column":27},"end":{"line":205,"column":43}},{"start":{"line":205,"column":43},"end":{"line":205,"column":null}}],"line":205}},"s":{"0":0,"1":0,"2":0,"3":0,"4":0,"5":0,"6":0,"7":0,"8":0,"9":0,"10":0,"11":0,"12":0,"13":0,"14":0,"15":0,"16":0,"17":0,"18":0,"19":0,"20":0,"21":0,"22":0,"23":0},"f":{"0":0,"1":0,"2":0,"3":0,"4":0,"5":0,"6":0},"b":{"0":[0,0],"1":[0,0],"2":[0,0],"3":[0,0],"4":[0,0],"5":[0,0],"6":[0,0],"7":[0,0],"8":[0,0],"9":[0,0],"10":[0,0],"11":[0,0],"12":[0,0],"13":[0,0],"14":[0,0]},"meta":{"lastBranch":15,"lastFunction":7,"lastStatement":24,"seen":{"s:19:35:19:Infinity":0,"s:20:17:20:Infinity":1,"s:22:18:22:Infinity":2,"s:25:18:29:Infinity":3,"s:32:17:35:Infinity":4,"s:41:13:41:Infinity":5,"s:43:15:43:Infinity":6,"s:45:19:45:Infinity":7,"s:46:21:46:Infinity":8,"f:48:24:48:38":0,"s:49:36:49:Infinity":9,"s:50:19:50:31":10,"s:51:19:51:31":11,"s:52:33:52:51":12,"s:60:4:63:Infinity":13,"b:61:8:61:Infinity:62:8:63:Infinity":0,"f:62:15:62:23":1,"s:62:29:62:86":14,"b:62:29:62:51:62:51:62:86":1,"f:63:11:63:17":2,"s:63:26:63:53":15,"s:65:18:65:Infinity":16,"f:67:11:67:26":3,"s:68:4:68:Infinity":17,"s:69:4:69:Infinity":18,"s:74:20:81:Infinity":19,"b:75:6:75:Infinity:76:6:81:Infinity":2,"s:83:2:226:Infinity":20,"b:120:42:120:53:120:53:120:Infinity":3,"b:121:35:121:39:121:39:121:Infinity":4,"b:128:13:128:Infinity:129:14:136:Infinity":5,"b:143:42:143:58:143:58:143:Infinity":6,"f:145:14:145:24":4,"s:145:36:145:Infinity":21,"b:162:40:162:59:162:59:162:70":7,"b:166:40:166:59:166:59:166:Infinity":8,"f:167:16:167:31":5,"s:167:31:167:Infinity":22,"b:168:34:168:60:168:59:168:Infinity":9,"b:174:46:174:57:174:57:174:Infinity":10,"b:176:45:176:49:176:49:176:Infinity":11,"b:179:17:179:31:179:31:179:Infinity":12,"b:202:33:202:44:202:44:202:Infinity":13,"b:205:27:205:43:205:43:205:Infinity":14,"f:210:16:210:31":6,"s:210:31:210:Infinity":23},"fnNames":{}}}
[...]
start":{"line":177,"column":43},"end":{"line":177,"column":45}}],"line":177},"15":{"loc":{"start":{"line":189,"column":12},"end":{"line":189,"column":null}},"type":"if","locations":[{"start":{"line":189,"column":12},"end":{"line":189,"column":null}},{"start":{"line":189,"column":58},"end":{"line":189,"column":null}}],"line":189},"16":{"loc":{"start":{"line":215,"column":12},"end":{"line":215,"column":null}},"type":"if","locations":[{"start":{"line":215,"column":12},"end":{"line":215,"column":null}},{"start":{"line":215,"column":66},"end":{"line":215,"column":null}}],"line":215},"17":{"loc":{"start":{"line":227,"column":8},"end":{"line":227,"column":null}},"type":"cond-expr","locations":[{"start":{"line":227,"column":24},"end":{"line":227,"column":30}},{"start":{"line":227,"column":30},"end":{"line":227,"column":null}}],"line":227},"18":{"loc":{"start":{"line":227,"column":36},"end":{"line":227,"column":80}},"type":"binary-expr","locations":[{"start":{"line":227,"column":36},"end":{"line":227,"column":60}},{"start":{"line":227,"column":60},"end":{"line":227,"column":80}}],"line":227},"19":{"loc":{"start":{"line":239,"column":18},"end":{"line":239,"column":null}},"type":"cond-expr","locations":[{"start":{"line":239,"column":45},"end":{"line":239,"column":null}},{"start":{"line":239,"column":69},"end":{"line":239,"column":null}}],"line":239},"20":{"loc":{"start":{"line":256,"column":22},"end":{"line":256,"column":null}},"type":"cond-expr","locations":[{"start":{"line":256,"column":52},"end":{"line":256,"column":64}},{"start":{"line":256,"column":64},"end":{"line":256,"column":null}}],"line":256},"21":{"loc":{"start":{"line":259,"column":11},"end":{"line":260,"column":null}},"type":"binary-expr","locations":[{"start":{"line":259,"column":11},"end":{"line":259,"column":30}},{"start":{"line":259,"column":30},"end":{"line":260,"column":null}}],"line":259},"22":{"loc":{"start":{"line":275,"column":8},"end":{"line":277,"column":null}},"type":"cond-expr","locations":[{"start":{"line":276,"column":12},"end":{"line":277,"column":13}},{"start":{"line":277,"column":12},"end":{"line":277,"column":null}}],"line":275},"23":{"loc":{"start":{"line":277,"column":44},"end":{"line":277,"column":69}},"type":"binary-expr","locations":[{"start":{"line":277,"column":44},"end":{"line":277,"column":59}},{"start":{"line":277,"column":59},"end":{"line":277,"column":69}}],"line":277},"24":{"loc":{"start":{"line":289,"column":69},"end":{"line":289,"column":93}},"type":"binary-expr","locations":[{"start":{"line":289,"column":69},"end":{"line":289,"column":80}},{"start":{"line":289,"column":80},"end":{"line":289,"column":93}}],"line":289},"25":{"loc":{"start":{"line":296,"column":14},"end":{"line":300,"column":null}},"type":"cond-expr","locations":[{"start":{"line":297,"column":18},"end":{"line":297,"column":null}},{"start":{"line":298,"column":18},"end":{"line":300,"column":null}}],"line":296},"26":{"loc":{"start":{"line":298,"column":18},"end":{"line":300,"column":null}},"type":"cond-expr","locations":[{"start":{"line":299,"column":20},"end":{"line":299,"column":null}},{"start":{"line":300,"column":20},"end":{"line":300,"column":null}}],"line":298},"27":{"loc":{"start":{"line":310,"column":26},"end":{"line":310,"column":null}},"type":"binary-expr","locations":[{"start":{"line":310,"column":26},"end":{"line":310,"column":38}},{"start":{"line":310,"column":38},"end":{"line":310,"column":52}},{"start":{"line":310,"column":52},"end":{"line":310,"column":null}}],"line":310},"28":{"loc":{"start":{"line":312,"column":17},"end":{"line":312,"column":null}},"type":"cond-expr","locations":[{"start":{"line":312,"column":27},"end":{"line":312,"column":40}},{"start":{"line":312,"column":40},"end":{"line":312,"column":null}}],"line":312},"29":{"loc":{"start":{"line":312,"column":40},"end":{"line":312,"column":null}},"type":"cond-expr","locations":[{"start":{"line":312,"column":53},"end":{"line":312,"column":67}},{"start":{"line":312,"column":67},"end":{"line":312,"column":null}}],"line":312},"30":{"loc":{"start":{"line":327,"column":7},"end":{"line":500,"column":null}},"type":"cond-expr","locations":[{"start":{"line":328,"column":8},"end":{"line":445,"column":9}},{"start":{"line":445,"column":8},"end":{"line":500,"column":null}}],"line":327},"31":{"loc":{"start":{"line":335,"column":30},"end":{"line":335,"column":null}},"type":"cond-expr","locations":[{"start":{"line":335,"column":43},"end":{"line":335,"column":55}},{"start":{"line":335,"column":55},"end":{"line":335,"column":null}}],"line":335},"32":{"loc":{"start":{"line":357,"column":49},"end":{"line":357,"column":null}},"type":"binary-expr","locations":[{"start":{"line":357,"column":49},"end":{"line":357,"column":77}},{"start":{"line":357,"column":77},"end":{"line":357,"column":null}}],"line":357},"33":{"loc":{"start":{"line":381,"column":15},"end":{"line":390,"column":null}},"type":"cond-expr","locations":[{"start":{"line":382,"column":16},"end":{"line":384,"column":17}},{"start":{"line":384,"column":16},"end":{"line":390,"column":null}}],"line":381},"34":{"loc":{"start":{"line":403,"column":49},"end":{"line":403,"column":null}},"type":"binary-expr","locations":[{"start":{"line":403,"column":49},"end":{"line":403,"column":77}},{"start":{"line":403,"column":77},"end":{"line":403,"column":null}}],"line":403},"35":{"loc":{"start":{"line":427,"column":15},"end":{"line":436,"column":null}},"type":"cond-expr","locations":[{"start":{"line":428,"column":16},"end":{"line":430,"column":17}},{"start":{"line":430,"column":16},"end":{"line":436,"column":null}}],"line":427},"36":{"loc":{"start":{"line":450,"column":28},"end":{"line":450,"column":null}},"type":"cond-expr","locations":[{"start":{"line":450,"column":38},"end":{"line":450,"column":78}},{"start":{"line":450,"column":78},"end":{"line":450,"column":null}}],"line":450},"37":{"loc":{"start":{"line":456,"column":28},"end":{"line":456,"column":null}},"type":"binary-expr","locations":[{"start":{"line":456,"column":28},"end":{"line":456,"column":39}},{"start":{"line":456,"column":39},"end":{"line":456,"column":null}}],"line":456},"38":{"loc":{"start":{"line":464,"column":11},"end":{"line":498,"column":null}},"type":"cond-expr","locations":[{"start":{"line":465,"column":12},"end":{"line":494,"column":13}},{"start":{"line":494,"column":12},"end":{"line":498,"column":null}}],"line":464},"39":{"loc":{"start":{"line":495,"column":15},"end":{"line":497,"column":null}},"type":"cond-expr","locations":[{"start":{"line":496,"column":18},"end":{"line":496,"column":null}},{"start":{"line":497,"column":18},"end":{"line":497,"column":null}}],"line":495},"40":{"loc":{"start":{"line":508,"column":22},"end":{"line":508,"column":null}},"type":"binary-expr","locations":[{"start":{"line":508,"column":22},"end":{"line":508,"column":39}},{"start":{"line":508,"column":39},"end":{"line":508,"column":null}}],"line":508}},"s":{"0":0,"1":0,"2":0,"3":0,"4":0,"5":0,"6":0,"7":0,"8":0,"9":0,"10":0,"11":0,"12":0,"13":0,"14":0,"15":0,"16":0,"17":0,"18":0,"19":0,"20":0,"21":0,"22":0,"23":0,"24":0,"25":0,"26":0,"27":0,"28":0,"29":0,"30":0,"31":0,"32":0,"33":0,"34":0,"35":0,"36":0,"37":0,"38":0,"39":0,"40":0,"41":0,"42":0,"43":0,"44":0,"45":0,"46":0,"47":0,"48":0,"49":0,"50":0,"51":0,"52":0,"53":0,"54":0,"55":0,"56":0,"57":0,"58":0,"59":0,"60":0,"61":0,"62":0,"63":0,"64":0,"65":0,"66":0,"67":0,"68":0,"69":0,"70":0,"71":0,"72":0,"73":0,"74":0,"75":0,"76":0,"77":0,"78":0,"79":0,"80":0,"81":0,"82":0,"83":0,"84":0,"85":0,"86":0,"87":0,"88":0,"89":0,"90":0,"91":0,"92":0,"93":0,"94":0,"95":0,"96":0,"97":0,"98":0,"99":0,"100":0,"101":0,"102":0,"103":0,"104":0,"105":0,"106":0,"107":0},"f":{"0":0,"1":0,"2":0,"3":0,"4":0,"5":0,"6":0,"7":0,"8":0,"9":0,"10":0,"11":0,"12":0,"13":0,"14":0,"15":0,"16":0,"17":0,"18":0,"19":0,"20":0,"21":0,"22":0,"23":0,"24":0,"25":0,"26":0,"27":0,"28":0,"29":0,"30":0,"31":0,"32":0,"33":0,"34":0,"35":0,"36":0,"37":0,"38":0},"b":{"0":[0,0],"1":[0,0],"2":[0,0],"3":[0,0],"4":[0,0],"5":[0,0],"6":[0,0],"7":[0,0],"8":[0,0],"9":[0,0],"10":[0,0],"11":[0,0],"12":[0,0],"13":[0,0],"14":[0,0],"15":[0,0],"16":[0,0],"17":[0,0],"18":[0,0],"19":[0,0],"20":[0,0],"21":[0,0],"22":[0,0],"23":[0,0],"24":[0,0],"25":[0,0],"26":[0,0],"27":[0,0,0],"28":[0,0],"29":[0,0],"30":[0,0],"31":[0,0],"32":[0,0],"33":[0,0],"34":[0,0],"35":[0,0],"36":[0,0],"37":[0,0],"38":[0,0],"39":[0,0],"40":[0,0]},"meta":{"lastBranch":41,"lastFunction":39,"lastStatement":108,"seen":{"s:18:28:18:Infinity":0,"s:21:47:26:Infinity":1,"s:28:63:32:Infinity":2,"s:34:45:38:Infinity":3,"s:40:45:44:Infinity":4,"s:46:65:50:Infinity":5,"f:52:9:52:16":0,"s:53:2:53:Infinity":6,"b:53:27:53:33:53:33:53:Infinity":0,"f:56:9:56:20":1,"s:57:2:57:Infinity":7,"b:57:15:57:48:57:48:57:Infinity":1,"f:60:9:60:24":2,"b:61:2:61:Infinity:undefined:undefined:undefined:undefined":2,"s:61:2:61:Infinity":8,"s:61:23:61:Infinity":9,"s:62:13:62:Infinity":10,"s:63:2:63:Infinity":11,"b:63:21:63:29:63:29:63:Infinity":3,"f:66:24:66:38":3,"s:67:28:67:Infinity":12,"s:68:32:68:Infinity":13,"s:69:32:69:Infinity":14,"s:70:28:70:Infinity":15,"s:75:32:75:Infinity":16,"s:76:48:76:Infinity":17,"s:77:48:77:Infinity":18,"s:78:46:78:Infinity":19,"s:79:48:79:Infinity":20,"s:80:30:80:Infinity":21,"s:82:15:96:Infinity":22,"f:82:27:82:39":4,"s:83:4:95:Infinity":23,"s:84:39:87:Infinity":24,"s:88:6:88:Infinity":25,"s:89:6:89:Infinity":26,"s:90:6:90:Infinity":27,"s:92:6:92:Infinity":28,"s:94:6:94:Infinity":29,"s:98:2:98:Infinity":30,"f:98:2:98:18":5,"s:98:20:98:28":31,"s:102:18:102:Infinity":32,"b:102:18:102:38:102:38:102:Infinity":4,"s:103:2:107:Infinity":33,"f:103:2:103:18":6,"b:104:4:104:Infinity:undefined:undefined:undefined:undefined":5,"s:104:4:104:Infinity":34,"s:104:18:104:Infinity":35,"s:105:18:105:Infinity":36,"s:106:4:106:Infinity":37,"f:106:4:106:17":7,"s:106:17:106:Infinity":38,"s:109:8:109:Infinity":39,"b:109:30:109:51:109:51:109:53":6,"f:109:55:109:63":8,"s:109:69:109:79":40,"s:110:8:110:Infinity":41,"b:110:30:110:51:110:51:110:53":7,"f:110:55:110:63":9,"s:110:69:110:79":42,"s:111:21:111:Infinity":43,"b:111:21:111:54:111:54:111:Infinity":8,"s:112:8:112:Infinity":44,"b:112:22:112:50:112:50:112:55":9,"s:113:21:113:Infinity":45,"b:113:21:113:49:113:49:113:Infinity":10,"f:115:11:115:26":10,"s:116:4:116:Infinity":46,"f:116:50:116:55":11,"s:116:61:116:66":47,"s:117:4:117:Infinity":48,"f:117:50:117:55":12,"s:117:61:117:74":49,"s:118:4:118:Infinity":50,"s:119:4:119:Infinity":51,"s:120:4:120:Infinity":52,"f:128:11:128:23":13,"s:129:4:159:Infinity":53,"f:146:12:146:24":14,"s:147:8:147:Infinity":54,"s:148:8:157:Infinity":55,"s:149:10:149:Infinity":56,"s:150:10:150:Infinity":57,"s:151:10:151:Infinity":58,"s:152:10:152:Infinity":59,"s:154:10:154:Infinity":60,"s:156:10:156:Infinity":61,"f:162:17:162:25":15,"s:163:4:169:Infinity":62,"s:164:6:164:Infinity":63,"s:165:6:165:Infinity":64,"s:166:6:166:Infinity":65,"s:168:6:168:Infinity":66,"b:172:2:172:Infinity:undefined:undefined:undefined:undefined":11,"s:172:2:172:Infinity":67,"s:172:15:172:Infinity":68,"b:173:2:173:Infinity:undefined:undefined:undefined:undefined":12,"s:173:2:173:Infinity":69,"s:173:13:173:Infinity":70,"s:175:8:176:Infinity":71,"b:175:22:175:43:175:43:175:45":13,"f:175:47:175:55":16,"s:176:4:176:74":72,"s:177:8:178:Infinity":73,"b:177:22:177:43:177:43:177:45":14,"f:177:47:177:55":17,"s:178:4:178:71":74,"s:180:56:204:Infinity":75,"f:184:6:184:15":18,"s:185:8:192:Infinity":76,"f:187:10:187:21":19,"s:188:25:188:Infinity":77,"b:189:12:189:Infinity:189:58:189:Infinity":15,"s:189:12:189:Infinity":78,"s:189:34:189:58":79,"s:189:58:189:Infinity":80,"s:190:12:190:Infinity":81,"f:201:6:201:15":20,"s:201:24:201:Infinity":82,"s:206:58:229:Infinity":83,"f:210:6:210:15":21,"s:211:8:218:Infinity":84,"f:213:10:213:21":22,"s:214:25:214:Infinity":85,"b:215:12:215:Infinity:215:66:215:Infinity":16,"s:215:12:215:Infinity":86,"s:215:34:215:66":87,"s:215:66:215:Infinity":88,"s:216:12:216:Infinity":89,"f:226:6:226:15":23,"s:227:8:227:Infinity":90,"b:227:24:227:30:227:30:227:Infinity":17,"b:227:36:227:60:227:60:227:80":18,"s:231:50:279:Infinity":91,"f:235:6:235:15":24,"s:236:8:246:Infinity":92,"b:239:45:239:Infinity:239:69:239:Infinity":19,"f:249:60:249:69":25,"s:249:85:249:101":93,"f:250:32:250:41":26,"s:250:52:250:72":94,"f:254:6:254:15":27,"s:255:8:260:Infinity":95,"b:256:52:256:64:256:64:256:Infinity":20,"b:259:11:259:30:259:30:260:Infinity":21,"f:266:6:266:15":28,"s:267:8:269:Infinity":96,"f:274:6:274:15":29,"s:275:8:277:Infinity":97,"b:276:12:277:13:277:12:277:Infinity":22,"b:277:44:277:59:277:59:277:69":23,"s:281:2:513:Infinity":98,"f:289:22:289:37":30,"s:289:37:289:59":99,"b:289:69:289:80:289:80:289:93":24,"b:297:18:297:Infinity:298:18:300:Infinity":25,"b:299:20:299:Infinity:300:20:300:Infinity":26,"f:308:16:308:31":31,"s:308:31:308:Infinity":100,"b:310:26:310:38:310:38:310:52:310:52:310:Infinity":27,"b:312:27:312:40:312:40:312:Infinity":28,"b:312:53:312:67:312:67:312:Infinity":29,"b:328:8:445:9:445:8:500:Infinity":30,"f:334:35:334:50":32,"s:334:50:334:69":101,"b:335:43:335:55:335:55:335:Infinity":31,"b:357:49:357:77:357:77:357:Infinity":32,"f:366:20:366:31":33,"s:366:37:366:Infinity":102,"f:374:20:374:35":34,"s:374:35:374:Infinity":103,"b:382:16:384:17:384:16:390:Infinity":33,"b:403:49:403:77:403:77:403:Infinity":34,"f:412:20:412:31":35,"s:412:37:412:Infinity":104,"f:420:20:420:35":36,"s:420:35:420:Infinity":105,"b:428:16:430:17:430:16:436:Infinity":35,"b:450:38:450:78:450:78:450:Infinity":36,"b:456:28:456:39:456:39:456:Infinity":37,"b:465:12:494:13:494:12:498:Infinity":38,"f:474:38:474:43":37,"s:475:20:475:Infinity":106,"f:487:38:487:43":38,"s:488:20:488:Infinity":107,"b:496:18:496:Infinity:497:18:497:Infinity":39,"b:508:22:508:39:508:39:508:Infinity":40},"fnNames":{}}}
,"/Users/ethan.ning/Develop/workspace/b2b-wholesale-frontend/src/store/adminAuthStore.ts": {"path":"/Users/ethan.ning/Develop/workspace/b2b-wholesale-frontend/src/store/adminAuthStore.ts","statementMap":{"0":{"start":{"line":11,"column":20},"end":{"line":11,"column":null}},"1":{"start":{"line":12,"column":20},"end":{"line":12,"column":null}},"2":{"start":{"line":14,"column":33},"end":{"line":29,"column":null}},"3":{"start":{"line":14,"column":66},"end":{"line":29,"column":2}},"4":{"start":{"line":19,"column":4},"end":{"line":19,"column":null}},"5":{"start":{"line":20,"column":4},"end":{"line":20,"column":null}},"6":{"start":{"line":21,"column":4},"end":{"line":21,"column":null}},"7":{"start":{"line":25,"column":4},"end":{"line":25,"column":null}},"8":{"start":{"line":26,"column":4},"end":{"line":26,"column":null}},"9":{"start":{"line":27,"column":4},"end":{"line":27,"column":null}}},"fnMap":{"0":{"name":"(anonymous_0)","decl":{"start":{"line":14,"column":33},"end":{"line":14,"column":57}},"loc":{"start":{"line":14,"column":66},"end":{"line":29,"column":2}},"line":14},"1":{"name":"(anonymous_1)","decl":{"start":{"line":18,"column":2},"end":{"line":18,"column":15}},"loc":{"start":{"line":18,"column":32},"end":{"line":22,"column":null}},"line":18},"2":{"name":"(anonymous_2)","decl":{"start":{"line":24,"column":2},"end":{"line":24,"column":21}},"loc":{"start":{"line":24,"column":21},"end":{"line":28,"column":null}},"line":24}},"branchMap":{"0":{"loc":{"start":{"line":16,"column":9},"end":{"line":16,"column":null}},"type":"cond-expr","locations":[{"start":{"line":16,"column":24},"end":{"line":16,"column":64}},{"start":{"line":16,"column":64},"end":{"line":16,"column":null}}],"line":16}},"s":{"0":0,"1":0,"2":0,"3":0,"4":0,"5":0,"6":0,"7":0,"8":0,"9":0},"f":{"0":0,"1":0,"2":0},"b":{"0":[0,0]},"meta":{"lastBranch":1,"lastFunction":3,"lastStatement":10,"seen":{"s:11:20:11:Infinity":0,"s:12:20:12:Infinity":1,"s:14:33:29:Infinity":2,"f:14:33:14:57":0,"s:14:66:29:2":3,"b:16:24:16:64:16:64:16:Infinity":0,"f:18:2:18:15":1,"s:19:4:19:Infinity":4,"s:20:4:20:Infinity":5,"s:21:4:21:Infinity":6,"f:24:2:24:21":2,"s:25:4:25:Infinity":7,"s:26:4:26:Infinity":8,"s:27:4:27:Infinity":9},"fnNames":{}}}
,"/Users/ethan.ning/Develop/workspace/b2b-wholesale-frontend/src/store/authStore.ts": {"path":"/Users/ethan.ning/Develop/workspace/b2b-wholesale-frontend/src/store/authStore.ts","statementMap":{"0":{"start":{"line":20,"column":20},"end":{"line":20,"column":null}},"1":{"start":{"line":21,"column":19},"end":{"line":21,"column":null}},"2":{"start":{"line":23,"column":28},"end":{"line":38,"column":null}},"3":{"start":{"line":23,"column":56},"end":{"line":38,"column":2}},"4":{"start":{"line":28,"column":4},"end":{"line":28,"column":null}},"5":{"start":{"line":29,"column":4},"end":{"line":29,"column":null}},"6":{"start":{"line":30,"column":4},"end":{"line":30,"column":null}},"7":{"start":{"line":34,"column":4},"end":{"line":34,"column":null}},"8":{"start":{"line":35,"column":4},"end":{"line":35,"column":null}},"9":{"start":{"line":36,"column":4},"end":{"line":36,"column":null}}},"fnMap":{"0":{"name":"(anonymous_0)","decl":{"start":{"line":23,"column":28},"end":{"line":23,"column":47}},"loc":{"start":{"line":23,"column":56},"end":{"line":38,"column":2}},"line":23},"1":{"name":"(anonymous_1)","decl":{"start":{"line":27,"column":2},"end":{"line":27,"column":10}},"loc":{"start":{"line":27,"column":26},"end":{"line":31,"column":null}},"line":27},"2":{"name":"(anonymous_2)","decl":{"start":{"line":33,"column":2},"end":{"line":33,"column":16}},"loc":{"start":{"line":33,"column":16},"end":{"line":37,"column":null}},"line":33}},"branchMap":{"0":{"loc":{"start":{"line":25,"column":8},"end":{"line":25,"column":null}},"type":"cond-expr","locations":[{"start":{"line":25,"column":22},"end":{"line":25,"column":60}},{"start":{"line":25,"column":60},"end":{"line":25,"column":null}}],"line":25}},"s":{"0":0,"1":0,"2":0,"3":0,"4":0,"5":0,"6":0,"7":0,"8":0,"9":0},"f":{"0":0,"1":0,"2":0},"b":{"0":[0,0]},"meta":{"lastBranch":1,"lastFunction":3,"lastStatement":10,"seen":{"s:20:20:20:Infinity":0,"s:21:19:21:Infinity":1,"s:23:28:38:Infinity":2,"f:23:28:23:47":0,"s:23:56:38:2":3,"b:25:22:25:60:25:60:25:Infinity":0,"f:27:2:27:10":1,"s:28:4:28:Infinity":4,"s:29:4:29:Infinity":5,"s:30:4:30:Infinity":6,"f:33:2:33:16":2,"s:34:4:34:Infinity":7,"s:35:4:35:Infinity":8,"s:36:4:36:Infinity":9},"fnNames":{}}}
,"/Users/ethan.ning/Develop/workspace/b2b-wholesale-frontend/src/utils/money.ts": {"path":"/Users/ethan.ning/Develop/workspace/b2b-wholesale-frontend/src/utils/money.ts","statementMap":{"0":{"start":{"line":2,"column":2},"end":{"line":2,"column":null}},"1":{"start":{"line":10,"column":2},"end":{"line":10,"column":null}},"2":{"start":{"line":10,"column":28},"end":{"line":10,"column":null}},"3":{"start":{"line":11,"column":14},"end":{"line":11,"column":null}},"4":{"start":{"line":12,"column":15},"end":{"line":12,"column":null}},"5":{"start":{"line":13,"column":2},"end":{"line":13,"column":null}}},"fnMap":{"0":{"name":"formatMoney","decl":{"start":{"line":1,"column":16},"end":{"line":1,"column":28}},"loc":{"start":{"line":1,"column":52},"end":{"line":3,"column":null}},"line":1},"1":{"name":"formatMoneyRange","decl":{"start":{"line":9,"column":16},"end":{"line":9,"column":33}},"loc":{"start":{"line":9,"column":67},"end":{"line":14,"column":null}},"line":9}},"branchMap":{"0":{"loc":{"start":{"line":10,"column":2},"end":{"line":10,"column":null}},"type":"if","locations":[{"start":{"line":10,"column":2},"end":{"line":10,"column":null}},{"start":{},"end":{}}],"line":10},"1":{"loc":{"start":{"line":13,"column":9},"end":{"line":13,"column":null}},"type":"cond-expr","locations":[{"start":{"line":13,"column":24},"end":{"line":13,"column":43}},{"start":{"line":13,"column":43},"end":{"line":13,"column":null}}],"line":13}},"s":{"0":8,"1":4,"2":1,"3":3,"4":3,"5":3},"f":{"0":8,"1":4},"b":{"0":[1,3],"1":[2,1]},"meta":{"lastBranch":2,"lastFunction":2,"lastStatement":6,"seen":{"f:1:16:1:28":0,"s:2:2:2:Infinity":0,"f:9:16:9:33":1,"b:10:2:10:Infinity:undefined:undefined:undefined:undefined":0,"s:10:2:10:Infinity":1,"s:10:28:10:Infinity":2,"s:11:14:11:Infinity":3,"s:12:15:12:Infinity":4,"s:13:2:13:Infinity":5,"b:13:24:13:43:13:43:13:Infinity":1},"fnNames":{}}}
}
